{"meta": {"format": 3, "version": "7.11.0", "timestamp": "2026-03-08T09:55:01.271433", "branch_coverage": true, "show_contexts": false}, "files": {"src\\adapters\\audio_input_microphone.py": {"executed_lines": [1, 2, 3, 4, 5, 6, 7, 8, 10, 11, 12, 13, 14, 15, 16, 17, 18, 20, 24, 26, 28, 53, 69, 91, 93, 94, 95], "summary": {"covered_lines": 27, "num_statements": 67, "percent_covered": 34.177215189873415, "percent_covered_display": "34", "missing_lines": 40, "excluded_lines": 0, "num_branches": 12, "num_partial_branches": 0, "covered_branches": 0, "missing_branches": 12}, "missing_lines": [22, 30, 31, 32, 34, 35, 39, 40, 42, 46, 48, 50, 51, 55, 57, 58, 59, 60, 61, 62, 64, 65, 67, 71, 72, 73, 74, 77, 78, 79, 81, 82, 83, 84, 86, 87, 89, 96, 97, 98], "excluded_lines": [], "executed_branches": [], "missing_branches": [[30, 31], [30, 34], [57, 58], [57, 64], [64, 65], [64, 67], [72, 73], [72, 89], [77, 72], [77, 78], [82, 83], [82, 84]], "functions": {"AudioInputAdapter.__init__": {"executed_lines": [12, 13, 14, 15, 16, 17, 18], "summary": {"covered_lines": 7, "num_statements": 7, "percent_covered": 100.0, "percent_covered_display": "100", "missing_lines": 0, "excluded_lines": 0, "num_branches": 0, "num_partial_branches": 0, "covered_branches": 0, "missing_branches": 0}, "missing_lines": [], "excluded_lines": [], "executed_branches": [], "missing_branches": []}, "AudioInputAdapter.set_wake_word_callback": {"executed_lines": [], "summary": {"covered_lines": 0, "num_statements": 1, "percent_covered": 0.0, "percent_covered_display": "0", "missing_lines": 1, "excluded_lines": 0, "num_branches": 0, "num_partial_branches": 0, "covered_branches": 0, "missing_branches": 0}, "missing_lines": [22], "excluded_lines": [], "executed_branches": [], "missing_branches": []}, "AudioInputAdapter.set_audio_callback": {"executed_lines": [26], "summary": {"covered_lines": 1, "num_statements": 1, "percent_covered": 100.0, "percent_covered_display": "100", "missing_lines": 0, "excluded_lines": 0, "num_branches": 0, "num_partial_branches": 0, "covered_branches": 0, "missing_branches": 0}, "missing_lines": [], "excluded_lines": [], "executed_branches": [], "missing_branches": []}, "AudioInputAdapter.start_listening": {"executed_lines": [], "summary": {"covered_lines": 0, "num_statements": 12, "percent_covered": 0.0, "percent_covered_display": "0", "missing_lines": 12, "excluded_lines": 0, "num_branches": 2, "num_partial_branches": 0, "covered_branches": 0, "missing_branches": 2}, "missing_lines": [30, 31, 32, 34, 35, 39, 40, 42, 46, 48, 50, 51], "excluded_lines": [], "executed_branches": [], "missing_branches": [[30, 31], [30, 34]]}, "AudioInputAdapter.stop_listening": {"executed_lines": [], "summary": {"covered_lines": 0, "num_statements": 10, "percent_covered": 0.0, "percent_covered_display": "0", "missing_lines": 10, "excluded_lines": 0, "num_branches": 4, "num_partial_branches": 0, "covered_branches": 0, "missing_branches": 4}, "missing_lines": [55, 57, 58, 59, 60, 61, 62, 64, 65, 67], "excluded_lines": [], "executed_branches": [], "missing_branches": [[57, 58], [57, 64], [64, 65], [64, 67]]}, "AudioInputAdapter._listening_loop": {"executed_lines": [], "summary": {"covered_lines": 0, "num_statements": 14, "percent_covered": 0.0, "percent_covered_display": "0", "missing_lines": 14, "excluded_lines": 0, "num_branches": 6, "num_partial_branches": 0, "covered_branches": 0, "missing_branches": 6}, "missing_lines": [71, 72, 73, 74, 77, 78, 79, 81, 82, 83, 84, 86, 87, 89], "excluded_lines": [], "executed_branches": [], "missing_branches": [[72, 73], [72, 89], [77, 72], [77, 78], [82, 83], [82, 84]]}, "AudioInputAdapter.get_audio_devices": {"executed_lines": [93, 94, 95], "summary": {"covered_lines": 3, "num_statements": 6, "percent_covered": 50.0, "percent_covered_display": "50", "missing_lines": 3, "excluded_lines": 0, "num_branches": 0, "num_partial_branches": 0, "covered_branches": 0, "missing_branches": 0}, "missing_lines": [96, 97, 98], "excluded_lines": [], "executed_branches": [], "missing_branches": []}, "": {"executed_lines": [1, 2, 3, 4, 5, 6, 7, 8, 10, 11, 20, 24, 28, 53, 69, 91], "summary": {"covered_lines": 16, "num_statements": 16, "percent_covered": 100.0, "percent_covered_display": "100", "missing_lines": 0, "excluded_lines": 0, "num_branches": 0, "num_partial_branches": 0, "covered_branches": 0, "missing_branches": 0}, "missing_lines": [], "excluded_lines": [], "executed_branches": [], "missing_branches": []}}, "classes": {"AudioInputAdapter": {"executed_lines": [12, 13, 14, 15, 16, 17, 18, 26, 93, 94, 95], "summary": {"covered_lines": 11, "num_statements": 51, "percent_covered": 17.46031746031746, "percent_covered_display": "17", "missing_lines": 40, "excluded_lines": 0, "num_branches": 12, "num_partial_branches": 0, "covered_branches": 0, "missing_branches": 12}, "missing_lines": [22, 30, 31, 32, 34, 35, 39, 40, 42, 46, 48, 50, 51, 55, 57, 58, 59, 60, 61, 62, 64, 65, 67, 71, 72, 73, 74, 77, 78, 79, 81, 82, 83, 84, 86, 87, 89, 96, 97, 98], "excluded_lines": [], "executed_branches": [], "missing_branches": [[30, 31], [30, 34], [57, 58], [57, 64], [64, 65], [64, 67], [72, 73], [72, 89], [77, 72], [77, 78], [82, 83], [82, 84]]}, "": {"executed_lines": [1, 2, 3, 4, 5, 6, 7, 8, 10, 11, 20, 24, 28, 53, 69, 91], "summary": {"covered_lines": 16, "num_statements": 16, "percent_covered": 100.0, "percent_covered_display": "100", "missing_lines": 0, "excluded_lines": 0, "num_branches": 0, "num_partial_branches": 0, "covered_branches": 0, "missing_branches": 0}, "missing_lines": [], "excluded_lines": [], "executed_branches": [], "missing_branches": []}}}, "src\\adapters\\audio_output_speaker.py": {"executed_lines": [1, 2, 3, 4], "summary": {"covered_lines": 4, "num_statements": 50, "percent_covered": 6.896551724137931, "percent_covered_display": "7", "missing_lines": 46, "excluded_lines": 0, "num_branches": 8, "num_partial_branches": 0, "covered_branches": 0, "missing_branches": 8}, "missing_lines": [5, 7, 8, 9, 10, 12, 14, 15, 16, 17, 18, 19, 20, 21, 23, 25, 26, 27, 28, 29, 31, 33, 34, 35, 36, 37, 39, 41, 42, 43, 44, 45, 47, 49, 50, 51, 52, 53, 54, 55, 56, 57, 58, 59, 60, 61], "excluded_lines": [], "executed_branches": [], "missing_branches": [[16, 17], [16, 18], [53, 54], [53, 58], [54, 55], [54, 58], [56, 54], [56, 57]], "functions": {"AudioOutputAdapter.__init__": {"executed_lines": [], "summary": {"covered_lines": 0, "num_statements": 2, "percent_covered": 0.0, "percent_covered_display": "0", "missing_lines": 2, "excluded_lines": 0, "num_branches": 0, "num_partial_branches": 0, "covered_branches": 0, "missing_branches": 0}, "missing_lines": [9, 10], "excluded_lines": [], "executed_branches": [], "missing_branches": []}, "AudioOutputAdapter.load_voice": {"executed_lines": [], "summary": {"covered_lines": 0, "num_statements": 8, "percent_covered": 0.0, "percent_covered_display": "0", "missing_lines": 8, "excluded_lines": 0, "num_branches": 2, "num_partial_branches": 0, "covered_branches": 0, "missing_branches": 2}, "missing_lines": [14, 15, 16, 17, 18, 19, 20, 21], "excluded_lines": [], "executed_branches": [], "missing_branches": [[16, 17], [16, 18]]}, "AudioOutputAdapter.say": {"executed_lines": [], "summary": {"covered_lines": 0, "num_statements": 5, "percent_covered": 0.0, "percent_covered_display": "0", "missing_lines": 5, "excluded_lines": 0, "num_branches": 0, "num_partial_branches": 0, "covered_branches": 0, "missing_branches": 0}, "missing_lines": [25, 26, 27, 28, 29], "excluded_lines": [], "executed_branches": [], "missing_branches": []}, "AudioOutputAdapter.synthesize": {"executed_lines": [], "summary": {"covered_lines": 0, "num_statements": 5, "percent_covered": 0.0, "percent_covered_display": "0", "missing_lines": 5, "excluded_lines": 0, "num_branches": 0, "num_partial_branches": 0, "covered_branches": 0, "missing_branches": 0}, "missing_lines": [33, 34, 35, 36, 37], "excluded_lines": [], "executed_branches": [], "missing_branches": []}, "AudioOutputAdapter.test_synthesis": {"executed_lines": [], "summary": {"covered_lines": 0, "num_statements": 5, "percent_covered": 0.0, "percent_covered_display": "0", "missing_lines": 5, "excluded_lines": 0, "num_branches": 0, "num_partial_branches": 0, "covered_branches": 0, "missing_branches": 0}, "missing_lines": [41, 42, 43, 44, 45], "excluded_lines": [], "executed_branches": [], "missing_branches": []}, "AudioOutputAdapter.get_available_voices": {"executed_lines": [], "summary": {"covered_lines": 0, "num_statements": 13, "percent_covered": 0.0, "percent_covered_display": "0", "missing_lines": 13, "excluded_lines": 0, "num_branches": 6, "num_partial_branches": 0, "covered_branches": 0, "missing_branches": 6}, "missing_lines": [49, 50, 51, 52, 53, 54, 55, 56, 57, 58, 59, 60, 61], "excluded_lines": [], "executed_branches": [], "missing_branches": [[53, 54], [53, 58], [54, 55], [54, 58], [56, 54], [56, 57]]}, "": {"executed_lines": [1, 2, 3, 4], "summary": {"covered_lines": 4, "num_statements": 12, "percent_covered": 33.333333333333336, "percent_covered_display": "33", "missing_lines": 8, "excluded_lines": 0, "num_branches": 0, "num_partial_branches": 0, "covered_branches": 0, "missing_branches": 0}, "missing_lines": [5, 7, 8, 12, 23, 31, 39, 47], "excluded_lines": [], "executed_branches": [], "missing_branches": []}}, "classes": {"AudioOutputAdapter": {"executed_lines": [], "summary": {"covered_lines": 0, "num_statements": 38, "percent_covered": 0.0, "percent_covered_display": "0", "missing_lines": 38, "excluded_lines": 0, "num_branches": 8, "num_partial_branches": 0, "covered_branches": 0, "missing_branches": 8}, "missing_lines": [9, 10, 14, 15, 16, 17, 18, 19, 20, 21, 25, 26, 27, 28, 29, 33, 34, 35, 36, 37, 41, 42, 43, 44, 45, 49, 50, 51, 52, 53, 54, 55, 56, 57, 58, 59, 60, 61], "excluded_lines": [], "executed_branches": [], "missing_branches": [[16, 17], [16, 18], [53, 54], [53, 58], [54, 55], [54, 58], [56, 54], [56, 57]]}, "": {"executed_lines": [1, 2, 3, 4], "summary": {"covered_lines": 4, "num_statements": 12, "percent_covered": 33.333333333333336, "percent_covered_display": "33", "missing_lines": 8, "excluded_lines": 0, "num_branches": 0, "num_partial_branches": 0, "covered_branches": 0, "missing_branches": 0}, "missing_lines": [5, 7, 8, 12, 23, 31, 39, 47], "excluded_lines": [], "executed_branches": [], "missing_branches": []}}}, "src\\adapters\\cloud_openai_api.py": {"executed_lines": [1, 2], "summary": {"covered_lines": 2, "num_statements": 44, "percent_covered": 3.5714285714285716, "percent_covered_display": "4", "missing_lines": 42, "excluded_lines": 0, "num_branches": 12, "num_partial_branches": 0, "covered_branches": 0, "missing_branches": 12}, "missing_lines": [3, 4, 6, 7, 8, 9, 10, 13, 14, 16, 18, 20, 22, 23, 24, 26, 27, 33, 34, 35, 36, 38, 40, 41, 42, 44, 45, 53, 54, 55, 57, 58, 59, 61, 63, 64, 65, 67, 68, 70, 71, 72], "excluded_lines": [], "executed_branches": [], "missing_branches": [[13, -7], [13, 14], [22, 23], [22, 26], [40, 41], [40, 44], [53, -38], [53, 54], [54, 53], [54, 55], [64, 65], [64, 67]], "functions": {"OpenAIAPIAdapter.__init__": {"executed_lines": [], "summary": {"covered_lines": 0, "num_statements": 5, "percent_covered": 0.0, "percent_covered_display": "0", "missing_lines": 5, "excluded_lines": 0, "num_branches": 2, "num_partial_branches": 0, "covered_branches": 0, "missing_branches": 2}, "missing_lines": [8, 9, 10, 13, 14], "excluded_lines": [], "executed_branches": [], "missing_branches": [[13, -7], [13, 14]]}, "OpenAIAPIAdapter.set_model": {"executed_lines": [], "summary": {"covered_lines": 0, "num_statements": 1, "percent_covered": 0.0, "percent_covered_display": "0", "missing_lines": 1, "excluded_lines": 0, "num_branches": 0, "num_partial_branches": 0, "covered_branches": 0, "missing_branches": 0}, "missing_lines": [18], "excluded_lines": [], "executed_branches": [], "missing_branches": []}, "OpenAIAPIAdapter.chat": {"executed_lines": [], "summary": {"covered_lines": 0, "num_statements": 9, "percent_covered": 0.0, "percent_covered_display": "0", "missing_lines": 9, "excluded_lines": 0, "num_branches": 2, "num_partial_branches": 0, "covered_branches": 0, "missing_branches": 2}, "missing_lines": [22, 23, 24, 26, 27, 33, 34, 35, 36], "excluded_lines": [], "executed_branches": [], "missing_branches": [[22, 23], [22, 26]]}, "OpenAIAPIAdapter.chat_stream": {"executed_lines": [], "summary": {"covered_lines": 0, "num_statements": 11, "percent_covered": 0.0, "percent_covered_display": "0", "missing_lines": 11, "excluded_lines": 0, "num_branches": 6, "num_partial_branches": 0, "covered_branches": 0, "missing_branches": 6}, "missing_lines": [40, 41, 42, 44, 45, 53, 54, 55, 57, 58, 59], "excluded_lines": [], "executed_branches": [], "missing_branches": [[40, 41], [40, 44], [53, -38], [53, 54], [54, 53], [54, 55]]}, "OpenAIAPIAdapter.get_available_models": {"executed_lines": [], "summary": {"covered_lines": 0, "num_statements": 8, "percent_covered": 0.0, "percent_covered_display": "0", "missing_lines": 8, "excluded_lines": 0, "num_branches": 2, "num_partial_branches": 0, "covered_branches": 0, "missing_branches": 2}, "missing_lines": [63, 64, 65, 67, 68, 70, 71, 72], "excluded_lines": [], "executed_branches": [], "missing_branches": [[64, 65], [64, 67]]}, "": {"executed_lines": [1, 2], "summary": {"covered_lines": 2, "num_statements": 10, "percent_covered": 20.0, "percent_covered_display": "20", "missing_lines": 8, "excluded_lines": 0, "num_branches": 0, "num_partial_branches": 0, "covered_branches": 0, "missing_branches": 0}, "missing_lines": [3, 4, 6, 7, 16, 20, 38, 61], "excluded_lines": [], "executed_branches": [], "missing_branches": []}}, "classes": {"OpenAIAPIAdapter": {"executed_lines": [], "summary": {"covered_lines": 0, "num_statements": 34, "percent_covered": 0.0, "percent_covered_display": "0", "missing_lines": 34, "excluded_lines": 0, "num_branches": 12, "num_partial_branches": 0, "covered_branches": 0, "missing_branches": 12}, "missing_lines": [8, 9, 10, 13, 14, 18, 22, 23, 24, 26, 27, 33, 34, 35, 36, 40, 41, 42, 44, 45, 53, 54, 55, 57, 58, 59, 63, 64, 65, 67, 68, 70, 71, 72], "excluded_lines": [], "executed_branches": [], "missing_branches": [[13, -7], [13, 14], [22, 23], [22, 26], [40, 41], [40, 44], [53, -38], [53, 54], [54, 53], [54, 55], [64, 65], [64, 67]]}, "": {"executed_lines": [1, 2], "summary": {"covered_lines": 2, "num_statements": 10, "percent_covered": 20.0, "percent_covered_display": "20", "missing_lines": 8, "excluded_lines": 0, "num_branches": 0, "num_partial_branches": 0, "covered_branches": 0, "missing_branches": 0}, "missing_lines": [3, 4, 6, 7, 16, 20, 38, 61], "excluded_lines": [], "executed_branches": [], "missing_branches": []}}}, "src\\adapters\\display_epaper.py": {"executed_lines": [3, 4, 7, 14, 20, 21, 24, 27], "summary": {"covered_lines": 8, "num_statements": 18, "percent_covered": 36.36363636363637, "percent_covered_display": "36", "missing_lines": 10, "excluded_lines": 0, "num_branches": 4, "num_partial_branches": 0, "covered_branches": 0, "missing_branches": 4}, "missing_lines": [5, 9, 10, 12, 15, 16, 18, 22, 25, 28], "excluded_lines": [], "executed_branches": [], "missing_branches": [[9, 10], [9, 12], [15, 16], [15, 18]], "functions": {"DisplayEPaper.__init__": {"executed_lines": [], "summary": {"covered_lines": 0, "num_statements": 1, "percent_covered": 0.0, "percent_covered_display": "0", "missing_lines": 1, "excluded_lines": 0, "num_branches": 0, "num_partial_branches": 0, "covered_branches": 0, "missing_branches": 0}, "missing_lines": [5], "excluded_lines": [], "executed_branches": [], "missing_branches": []}, "DisplayEPaper.display_text": {"executed_lines": [], "summary": {"covered_lines": 0, "num_statements": 3, "percent_covered": 0.0, "percent_covered_display": "0", "missing_lines": 3, "excluded_lines": 0, "num_branches": 2, "num_partial_branches": 0, "covered_branches": 0, "missing_branches": 2}, "missing_lines": [9, 10, 12], "excluded_lines": [], "executed_branches": [], "missing_branches": [[9, 10], [9, 12]]}, "DisplayEPaper.clear": {"executed_lines": [], "summary": {"covered_lines": 0, "num_statements": 3, "percent_covered": 0.0, "percent_covered_display": "0", "missing_lines": 3, "excluded_lines": 0, "num_branches": 2, "num_partial_branches": 0, "covered_branches": 0, "missing_branches": 2}, "missing_lines": [15, 16, 18], "excluded_lines": [], "executed_branches": [], "missing_branches": [[15, 16], [15, 18]]}, "DisplayEPaperMock.__init__": {"executed_lines": [], "summary": {"covered_lines": 0, "num_statements": 1, "percent_covered": 0.0, "percent_covered_display": "0", "missing_lines": 1, "excluded_lines": 0, "num_branches": 0, "num_partial_branches": 0, "covered_branches": 0, "missing_branches": 0}, "missing_lines": [22], "excluded_lines": [], "executed_branches": [], "missing_branches": []}, "DisplayEPaperMock.display_text": {"executed_lines": [], "summary": {"covered_lines": 0, "num_statements": 1, "percent_covered": 0.0, "percent_covered_display": "0", "missing_lines": 1, "excluded_lines": 0, "num_branches": 0, "num_partial_branches": 0, "covered_branches": 0, "missing_branches": 0}, "missing_lines": [25], "excluded_lines": [], "executed_branches": [], "missing_branches": []}, "DisplayEPaperMock.clear": {"executed_lines": [], "summary": {"covered_lines": 0, "num_statements": 1, "percent_covered": 0.0, "percent_covered_display": "0", "missing_lines": 1, "excluded_lines": 0, "num_branches": 0, "num_partial_branches": 0, "covered_branches": 0, "missing_branches": 0}, "missing_lines": [28], "excluded_lines": [], "executed_branches": [], "missing_branches": []}, "": {"executed_lines": [3, 4, 7, 14, 20, 21, 24, 27], "summary": {"covered_lines": 8, "num_statements": 8, "percent_covered": 100.0, "percent_covered_display": "100", "missing_lines": 0, "excluded_lines": 0, "num_branches": 0, "num_partial_branches": 0, "covered_branches": 0, "missing_branches": 0}, "missing_lines": [], "excluded_lines": [], "executed_branches": [], "missing_branches": []}}, "classes": {"DisplayEPaper": {"executed_lines": [], "summary": {"covered_lines": 0, "num_statements": 7, "percent_covered": 0.0, "percent_covered_display": "0", "missing_lines": 7, "excluded_lines": 0, "num_branches": 4, "num_partial_branches": 0, "covered_branches": 0, "missing_branches": 4}, "missing_lines": [5, 9, 10, 12, 15, 16, 18], "excluded_lines": [], "executed_branches": [], "missing_branches": [[9, 10], [9, 12], [15, 16], [15, 18]]}, "DisplayEPaperMock": {"executed_lines": [], "summary": {"covered_lines": 0, "num_statements": 3, "percent_covered": 0.0, "percent_covered_display": "0", "missing_lines": 3, "excluded_lines": 0, "num_branches": 0, "num_partial_branches": 0, "covered_branches": 0, "missing_branches": 0}, "missing_lines": [22, 25, 28], "excluded_lines": [], "executed_branches": [], "missing_branches": []}, "": {"executed_lines": [3, 4, 7, 14, 20, 21, 24, 27], "summary": {"covered_lines": 8, "num_statements": 8, "percent_covered": 100.0, "percent_covered_display": "100", "missing_lines": 0, "excluded_lines": 0, "num_branches": 0, "num_partial_branches": 0, "covered_branches": 0, "missing_branches": 0}, "missing_lines": [], "excluded_lines": [], "executed_branches": [], "missing_branches": []}}}, "src\\adapters\\dummy_audio_input.py": {"executed_lines": [1, 2, 3, 5], "summary": {"covered_lines": 4, "num_statements": 4, "percent_covered": 100.0, "percent_covered_display": "100", "missing_lines": 0, "excluded_lines": 0, "num_branches": 0, "num_partial_branches": 0, "covered_branches": 0, "missing_branches": 0}, "missing_lines": [], "excluded_lines": [], "executed_branches": [], "missing_branches": [], "functions": {"DummyAudioInput.record": {"executed_lines": [5], "summary": {"covered_lines": 1, "num_statements": 1, "percent_covered": 100.0, "percent_covered_display": "100", "missing_lines": 0, "excluded_lines": 0, "num_branches": 0, "num_partial_branches": 0, "covered_branches": 0, "missing_branches": 0}, "missing_lines": [], "excluded_lines": [], "executed_branches": [], "missing_branches": []}, "": {"executed_lines": [1, 2, 3], "summary": {"covered_lines": 3, "num_statements": 3, "percent_covered": 100.0, "percent_covered_display": "100", "missing_lines": 0, "excluded_lines": 0, "num_branches": 0, "num_partial_branches": 0, "covered_branches": 0, "missing_branches": 0}, "missing_lines": [], "excluded_lines": [], "executed_branches": [], "missing_branches": []}}, "classes": {"DummyAudioInput": {"executed_lines": [5], "summary": {"covered_lines": 1, "num_statements": 1, "percent_covered": 100.0, "percent_covered_display": "100", "missing_lines": 0, "excluded_lines": 0, "num_branches": 0, "num_partial_branches": 0, "covered_branches": 0, "missing_branches": 0}, "missing_lines": [], "excluded_lines": [], "executed_branches": [], "missing_branches": []}, "": {"executed_lines": [1, 2, 3], "summary": {"covered_lines": 3, "num_statements": 3, "percent_covered": 100.0, "percent_covered_display": "100", "missing_lines": 0, "excluded_lines": 0, "num_branches": 0, "num_partial_branches": 0, "covered_branches": 0, "missing_branches": 0}, "missing_lines": [], "excluded_lines": [], "executed_branches": [], "missing_branches": []}}}, "src\\adapters\\dummy_audio_output.py": {"executed_lines": [1, 2, 3, 4, 5], "summary": {"covered_lines": 5, "num_statements": 5, "percent_covered": 100.0, "percent_covered_display": "100", "missing_lines": 0, "excluded_lines": 0, "num_branches": 0, "num_partial_branches": 0, "covered_branches": 0, "missing_branches": 0}, "missing_lines": [], "excluded_lines": [], "executed_branches": [], "missing_branches": [], "functions": {"DummyAudioOutput.say": {"executed_lines": [4, 5], "summary": {"covered_lines": 2, "num_statements": 2, "percent_covered": 100.0, "percent_covered_display": "100", "missing_lines": 0, "excluded_lines": 0, "num_branches": 0, "num_partial_branches": 0, "covered_branches": 0, "missing_branches": 0}, "missing_lines": [], "excluded_lines": [], "executed_branches": [], "missing_branches": []}, "": {"executed_lines": [1, 2, 3], "summary": {"covered_lines": 3, "num_statements": 3, "percent_covered": 100.0, "percent_covered_display": "100", "missing_lines": 0, "excluded_lines": 0, "num_branches": 0, "num_partial_branches": 0, "covered_branches": 0, "missing_branches": 0}, "missing_lines": [], "excluded_lines": [], "executed_branches": [], "missing_branches": []}}, "classes": {"DummyAudioOutput": {"executed_lines": [4, 5], "summary": {"covered_lines": 2, "num_statements": 2, "percent_covered": 100.0, "percent_covered_display": "100", "missing_lines": 0, "excluded_lines": 0, "num_branches": 0, "num_partial_branches": 0, "covered_branches": 0, "missing_branches": 0}, "missing_lines": [], "excluded_lines": [], "executed_branches": [], "missing_branches": []}, "": {"executed_lines": [1, 2, 3], "summary": {"covered_lines": 3, "num_statements": 3, "percent_covered": 100.0, "percent_covered_display": "100", "missing_lines": 0, "excluded_lines": 0, "num_branches": 0, "num_partial_branches": 0, "covered_branches": 0, "missing_branches": 0}, "missing_lines": [], "excluded_lines": [], "executed_branches": [], "missing_branches": []}}}, "src\\adapters\\interfaces.py": {"executed_lines": [1, 3, 4, 5, 9, 10, 11], "summary": {"covered_lines": 3, "num_statements": 3, "percent_covered": 100.0, "percent_covered_display": "100", "missing_lines": 0, "excluded_lines": 8, "num_branches": 0, "num_partial_branches": 0, "covered_branches": 0, "missing_branches": 0}, "missing_lines": [], "excluded_lines": [4, 5, 6, 7, 10, 11, 12, 13], "executed_branches": [], "missing_branches": [], "functions": {"IAudioInput.record": {"executed_lines": [], "summary": {"covered_lines": 0, "num_statements": 0, "percent_covered": 100.0, "percent_covered_display": "100", "missing_lines": 0, "excluded_lines": 2, "num_branches": 0, "num_partial_branches": 0, "covered_branches": 0, "missing_branches": 0}, "missing_lines": [], "excluded_lines": [6, 7], "executed_branches": [], "missing_branches": []}, "IAudioOutput.say": {"executed_lines": [], "summary": {"covered_lines": 0, "num_statements": 0, "percent_covered": 100.0, "percent_covered_display": "100", "missing_lines": 0, "excluded_lines": 2, "num_branches": 0, "num_partial_branches": 0, "covered_branches": 0, "missing_branches": 0}, "missing_lines": [], "excluded_lines": [12, 13], "executed_branches": [], "missing_branches": []}, "": {"executed_lines": [1, 3, 4, 5, 9, 10, 11], "summary": {"covered_lines": 3, "num_statements": 3, "percent_covered": 100.0, "percent_covered_display": "100", "missing_lines": 0, "excluded_lines": 4, "num_branches": 0, "num_partial_branches": 0, "covered_branches": 0, "missing_branches": 0}, "missing_lines": [], "excluded_lines": [4, 5, 10, 11], "executed_branches": [], "missing_branches": []}}, "classes": {"IAudioInput": {"executed_lines": [], "summary": {"covered_lines": 0, "num_statements": 0, "percent_covered": 100.0, "percent_covered_display": "100", "missing_lines": 0, "excluded_lines": 2, "num_branches": 0, "num_partial_branches": 0, "covered_branches": 0, "missing_branches": 0}, "missing_lines": [], "excluded_lines": [6, 7], "executed_branches": [], "missing_branches": []}, "IAudioOutput": {"executed_lines": [], "summary": {"covered_lines": 0, "num_statements": 0, "percent_covered": 100.0, "percent_covered_display": "100", "missing_lines": 0, "excluded_lines": 2, "num_branches": 0, "num_partial_branches": 0, "covered_branches": 0, "missing_branches": 0}, "missing_lines": [], "excluded_lines": [12, 13], "executed_branches": [], "missing_branches": []}, "": {"executed_lines": [1, 3, 4, 5, 9, 10, 11], "summary": {"covered_lines": 3, "num_statements": 3, "percent_covered": 100.0, "percent_covered_display": "100", "missing_lines": 0, "excluded_lines": 4, "num_branches": 0, "num_partial_branches": 0, "covered_branches": 0, "missing_branches": 0}, "missing_lines": [], "excluded_lines": [4, 5, 10, 11], "executed_branches": [], "missing_branches": []}}}, "src\\adapters\\llm_adapter.py": {"executed_lines": [1, 2, 3, 4, 6, 7, 9, 10, 11, 12, 13, 15, 17, 18, 25, 26, 27, 29, 34, 51, 96, 151, 156, 163, 167], "summary": {"covered_lines": 24, "num_statements": 103, "percent_covered": 18.3206106870229, "percent_covered_display": "18", "missing_lines": 79, "excluded_lines": 0, "num_branches": 28, "num_partial_branches": 0, "covered_branches": 0, "missing_branches": 28}, "missing_lines": [19, 20, 21, 23, 24, 31, 32, 36, 37, 38, 40, 41, 42, 43, 44, 45, 46, 47, 48, 49, 62, 63, 64, 66, 75, 77, 83, 84, 85, 86, 87, 89, 90, 92, 93, 94, 107, 108, 109, 110, 112, 121, 123, 130, 131, 132, 133, 134, 135, 136, 137, 138, 139, 140, 141, 142, 144, 145, 147, 148, 149, 153, 154, 158, 159, 160, 161, 165, 169, 170, 171, 172, 173, 174, 176, 177, 178, 179, 180], "excluded_lines": [], "executed_branches": [], "missing_branches": [[19, 20], [19, 23], [37, 38], [37, 40], [41, 42], [41, 46], [63, 64], [63, 66], [83, 84], [83, 89], [108, 109], [108, 112], [130, 131], [130, 144], [131, -96], [131, 132], [132, 131], [132, 133], [135, 136], [135, 139], [137, 131], [137, 138], [139, 131], [139, 140], [160, -156], [160, 161], [173, 174], [173, 176]], "functions": {"LLMAdapter.__init__": {"executed_lines": [10, 11, 12, 13], "summary": {"covered_lines": 4, "num_statements": 4, "percent_covered": 100.0, "percent_covered_display": "100", "missing_lines": 0, "excluded_lines": 0, "num_branches": 0, "num_partial_branches": 0, "covered_branches": 0, "missing_branches": 0}, "missing_lines": [], "excluded_lines": [], "executed_branches": [], "missing_branches": []}, "LLMAdapter._check_connection": {"executed_lines": [17, 18, 25, 26, 27], "summary": {"covered_lines": 5, "num_statements": 10, "percent_covered": 41.666666666666664, "percent_covered_display": "42", "missing_lines": 5, "excluded_lines": 0, "num_branches": 2, "num_partial_branches": 0, "covered_branches": 0, "missing_branches": 2}, "missing_lines": [19, 20, 21, 23, 24], "excluded_lines": [], "executed_branches": [], "missing_branches": [[19, 20], [19, 23]]}, "LLMAdapter.set_model": {"executed_lines": [], "summary": {"covered_lines": 0, "num_statements": 2, "percent_covered": 0.0, "percent_covered_display": "0", "missing_lines": 2, "excluded_lines": 0, "num_branches": 0, "num_partial_branches": 0, "covered_branches": 0, "missing_branches": 0}, "missing_lines": [31, 32], "excluded_lines": [], "executed_branches": [], "missing_branches": []}, "LLMAdapter.get_available_models": {"executed_lines": [], "summary": {"covered_lines": 0, "num_statements": 13, "percent_covered": 0.0, "percent_covered_display": "0", "missing_lines": 13, "excluded_lines": 0, "num_branches": 4, "num_partial_branches": 0, "covered_branches": 0, "missing_branches": 4}, "missing_lines": [36, 37, 38, 40, 41, 42, 43, 44, 45, 46, 47, 48, 49], "excluded_lines": [], "executed_branches": [], "missing_branches": [[37, 38], [37, 40], [41, 42], [41, 46]]}, "LLMAdapter.chat": {"executed_lines": [], "summary": {"covered_lines": 0, "num_statements": 16, "percent_covered": 0.0, "percent_covered_display": "0", "missing_lines": 16, "excluded_lines": 0, "num_branches": 4, "num_partial_branches": 0, "covered_branches": 0, "missing_branches": 4}, "missing_lines": [62, 63, 64, 66, 75, 77, 83, 84, 85, 86, 87, 89, 90, 92, 93, 94], "excluded_lines": [], "executed_branches": [], "missing_branches": [[63, 64], [63, 66], [83, 84], [83, 89]]}, "LLMAdapter.chat_stream": {"executed_lines": [], "summary": {"covered_lines": 0, "num_statements": 25, "percent_covered": 0.0, "percent_covered_display": "0", "missing_lines": 25, "excluded_lines": 0, "num_branches": 14, "num_partial_branches": 0, "covered_branches": 0, "missing_branches": 14}, "missing_lines": [107, 108, 109, 110, 112, 121, 123, 130, 131, 132, 133, 134, 135, 136, 137, 138, 139, 140, 141, 142, 144, 145, 147, 148, 149], "excluded_lines": [], "executed_branches": [], "missing_branches": [[108, 109], [108, 112], [130, 131], [130, 144], [131, -96], [131, 132], [132, 131], [132, 133], [135, 136], [135, 139], [137, 131], [137, 138], [139, 131], [139, 140]]}, "LLMAdapter._get_fallback_response": {"executed_lines": [], "summary": {"covered_lines": 0, "num_statements": 2, "percent_covered": 0.0, "percent_covered_display": "0", "missing_lines": 2, "excluded_lines": 0, "num_branches": 0, "num_partial_branches": 0, "covered_branches": 0, "missing_branches": 0}, "missing_lines": [153, 154], "excluded_lines": [], "executed_branches": [], "missing_branches": []}, "LLMAdapter._get_fallback_response_stream": {"executed_lines": [], "summary": {"covered_lines": 0, "num_statements": 4, "percent_covered": 0.0, "percent_covered_display": "0", "missing_lines": 4, "excluded_lines": 0, "num_branches": 2, "num_partial_branches": 0, "covered_branches": 0, "missing_branches": 2}, "missing_lines": [158, 159, 160, 161], "excluded_lines": [], "executed_branches": [], "missing_branches": [[160, -156], [160, 161]]}, "LLMAdapter._get_error_response": {"executed_lines": [], "summary": {"covered_lines": 0, "num_statements": 1, "percent_covered": 0.0, "percent_covered_display": "0", "missing_lines": 1, "excluded_lines": 0, "num_branches": 0, "num_partial_branches": 0, "covered_branches": 0, "missing_branches": 0}, "missing_lines": [165], "excluded_lines": [], "executed_branches": [], "missing_branches": []}, "LLMAdapter.test_connection": {"executed_lines": [], "summary": {"covered_lines": 0, "num_statements": 11, "percent_covered": 0.0, "percent_covered_display": "0", "missing_lines": 11, "excluded_lines": 0, "num_branches": 2, "num_partial_branches": 0, "covered_branches": 0, "missing_branches": 2}, "missing_lines": [169, 170, 171, 172, 173, 174, 176, 177, 178, 179, 180], "excluded_lines": [], "executed_branches": [], "missing_branches": [[173, 174], [173, 176]]}, "": {"executed_lines": [1, 2, 3, 4, 6, 7, 9, 15, 29, 34, 51, 96, 151, 156, 163, 167], "summary": {"covered_lines": 15, "num_statements": 15, "percent_covered": 100.0, "percent_covered_display": "100", "missing_lines": 0, "excluded_lines": 0, "num_branches": 0, "num_partial_branches": 0, "covered_branches": 0, "missing_branches": 0}, "missing_lines": [], "excluded_lines": [], "executed_branches": [], "missing_branches": []}}, "classes": {"LLMAdapter": {"executed_lines": [10, 11, 12, 13, 17, 18, 25, 26, 27], "summary": {"covered_lines": 9, "num_statements": 88, "percent_covered": 7.758620689655173, "percent_covered_display": "8", "missing_lines": 79, "excluded_lines": 0, "num_branches": 28, "num_partial_branches": 0, "covered_branches": 0, "missing_branches": 28}, "missing_lines": [19, 20, 21, 23, 24, 31, 32, 36, 37, 38, 40, 41, 42, 43, 44, 45, 46, 47, 48, 49, 62, 63, 64, 66, 75, 77, 83, 84, 85, 86, 87, 89, 90, 92, 93, 94, 107, 108, 109, 110, 112, 121, 123, 130, 131, 132, 133, 134, 135, 136, 137, 138, 139, 140, 141, 142, 144, 145, 147, 148, 149, 153, 154, 158, 159, 160, 161, 165, 169, 170, 171, 172, 173, 174, 176, 177, 178, 179, 180], "excluded_lines": [], "executed_branches": [], "missing_branches": [[19, 20], [19, 23], [37, 38], [37, 40], [41, 42], [41, 46], [63, 64], [63, 66], [83, 84], [83, 89], [108, 109], [108, 112], [130, 131], [130, 144], [131, -96], [131, 132], [132, 131], [132, 133], [135, 136], [135, 139], [137, 131], [137, 138], [139, 131], [139, 140], [160, -156], [160, 161], [173, 174], [173, 176]]}, "": {"executed_lines": [1, 2, 3, 4, 6, 7, 9, 15, 29, 34, 51, 96, 151, 156, 163, 167], "summary": {"covered_lines": 15, "num_statements": 15, "percent_covered": 100.0, "percent_covered_display": "100", "missing_lines": 0, "excluded_lines": 0, "num_branches": 0, "num_partial_branches": 0, "covered_branches": 0, "missing_branches": 0}, "missing_lines": [], "excluded_lines": [], "executed_branches": [], "missing_branches": []}}}, "src\\adapters\\speech_recognition_simulated_adapter.py": {"executed_lines": [1, 2, 3, 4, 5, 6, 9, 10, 12, 16, 21, 25, 32, 42], "summary": {"covered_lines": 13, "num_statements": 28, "percent_covered": 46.42857142857143, "percent_covered_display": "46", "missing_lines": 15, "excluded_lines": 0, "num_branches": 0, "num_partial_branches": 0, "covered_branches": 0, "missing_branches": 0}, "missing_lines": [13, 14, 18, 19, 23, 27, 29, 30, 34, 35, 37, 38, 39, 40, 44], "excluded_lines": [], "executed_branches": [], "missing_branches": [], "functions": {"SimulatedSpeechRecognitionAdapter.__init__": {"executed_lines": [], "summary": {"covered_lines": 0, "num_statements": 2, "percent_covered": 0.0, "percent_covered_display": "0", "missing_lines": 2, "excluded_lines": 0, "num_branches": 0, "num_partial_branches": 0, "covered_branches": 0, "missing_branches": 0}, "missing_lines": [13, 14], "excluded_lines": [], "executed_branches": [], "missing_branches": []}, "SimulatedSpeechRecognitionAdapter.load_model": {"executed_lines": [], "summary": {"covered_lines": 0, "num_statements": 2, "percent_covered": 0.0, "percent_covered_display": "0", "missing_lines": 2, "excluded_lines": 0, "num_branches": 0, "num_partial_branches": 0, "covered_branches": 0, "missing_branches": 0}, "missing_lines": [18, 19], "excluded_lines": [], "executed_branches": [], "missing_branches": []}, "SimulatedSpeechRecognitionAdapter.unload_model": {"executed_lines": [], "summary": {"covered_lines": 0, "num_statements": 1, "percent_covered": 0.0, "percent_covered_display": "0", "missing_lines": 1, "excluded_lines": 0, "num_branches": 0, "num_partial_branches": 0, "covered_branches": 0, "missing_branches": 0}, "missing_lines": [23], "excluded_lines": [], "executed_branches": [], "missing_branches": []}, "SimulatedSpeechRecognitionAdapter.transcribe_array": {"executed_lines": [], "summary": {"covered_lines": 0, "num_statements": 3, "percent_covered": 0.0, "percent_covered_display": "0", "missing_lines": 3, "excluded_lines": 0, "num_branches": 0, "num_partial_branches": 0, "covered_branches": 0, "missing_branches": 0}, "missing_lines": [27, 29, 30], "excluded_lines": [], "executed_branches": [], "missing_branches": []}, "SimulatedSpeechRecognitionAdapter.transcribe_file": {"executed_lines": [], "summary": {"covered_lines": 0, "num_statements": 6, "percent_covered": 0.0, "percent_covered_display": "0", "missing_lines": 6, "excluded_lines": 0, "num_branches": 0, "num_partial_branches": 0, "covered_branches": 0, "missing_branches": 0}, "missing_lines": [34, 35, 37, 38, 39, 40], "excluded_lines": [], "executed_branches": [], "missing_branches": []}, "SimulatedSpeechRecognitionAdapter.get_available_models": {"executed_lines": [], "summary": {"covered_lines": 0, "num_statements": 1, "percent_covered": 0.0, "percent_covered_display": "0", "missing_lines": 1, "excluded_lines": 0, "num_branches": 0, "num_partial_branches": 0, "covered_branches": 0, "missing_branches": 0}, "missing_lines": [44], "excluded_lines": [], "executed_branches": [], "missing_branches": []}, "": {"executed_lines": [1, 2, 3, 4, 5, 6, 9, 10, 12, 16, 21, 25, 32, 42], "summary": {"covered_lines": 13, "num_statements": 13, "percent_covered": 100.0, "percent_covered_display": "100", "missing_lines": 0, "excluded_lines": 0, "num_branches": 0, "num_partial_branches": 0, "covered_branches": 0, "missing_branches": 0}, "missing_lines": [], "excluded_lines": [], "executed_branches": [], "missing_branches": []}}, "classes": {"SimulatedSpeechRecognitionAdapter": {"executed_lines": [], "summary": {"covered_lines": 0, "num_statements": 15, "percent_covered": 0.0, "percent_covered_display": "0", "missing_lines": 15, "excluded_lines": 0, "num_branches": 0, "num_partial_branches": 0, "covered_branches": 0, "missing_branches": 0}, "missing_lines": [13, 14, 18, 19, 23, 27, 29, 30, 34, 35, 37, 38, 39, 40, 44], "excluded_lines": [], "executed_branches": [], "missing_branches": []}, "": {"executed_lines": [1, 2, 3, 4, 5, 6, 9, 10, 12, 16, 21, 25, 32, 42], "summary": {"covered_lines": 13, "num_statements": 13, "percent_covered": 100.0, "percent_covered_display": "100", "missing_lines": 0, "excluded_lines": 0, "num_branches": 0, "num_partial_branches": 0, "covered_branches": 0, "missing_branches": 0}, "missing_lines": [], "excluded_lines": [], "executed_branches": [], "missing_branches": []}}}, "src\\adapters\\speech_recognition_whisper_adapter.py": {"executed_lines": [1, 2, 3, 4, 5, 8, 9, 11, 12, 13, 14, 15, 17, 19, 20, 21, 22, 23, 24, 25, 27, 43, 45, 46, 47, 49, 51, 52, 56, 57, 60, 66, 67, 69, 75, 77, 78, 81, 82, 83, 85, 91, 92, 94, 100], "summary": {"covered_lines": 44, "num_statements": 66, "percent_covered": 63.1578947368421, "percent_covered_display": "63", "missing_lines": 22, "excluded_lines": 0, "num_branches": 10, "num_partial_branches": 2, "covered_branches": 4, "missing_branches": 6}, "missing_lines": [29, 30, 31, 32, 33, 34, 35, 36, 37, 38, 39, 40, 41, 54, 71, 72, 73, 79, 96, 97, 98, 102], "excluded_lines": [], "executed_branches": [[46, 47], [46, 49], [51, 52], [78, 81]], "missing_branches": [[31, 32], [31, 36], [36, -27], [36, 37], [51, 54], [78, 79]], "functions": {"WhisperSpeechRecognitionAdapter.__init__": {"executed_lines": [12, 13, 14, 15], "summary": {"covered_lines": 4, "num_statements": 4, "percent_covered": 100.0, "percent_covered_display": "100", "missing_lines": 0, "excluded_lines": 0, "num_branches": 0, "num_partial_branches": 0, "covered_branches": 0, "missing_branches": 0}, "missing_lines": [], "excluded_lines": [], "executed_branches": [], "missing_branches": []}, "WhisperSpeechRecognitionAdapter.load_model": {"executed_lines": [19, 20, 21, 22, 23, 24, 25], "summary": {"covered_lines": 7, "num_statements": 7, "percent_covered": 100.0, "percent_covered_display": "100", "missing_lines": 0, "excluded_lines": 0, "num_branches": 0, "num_partial_branches": 0, "covered_branches": 0, "missing_branches": 0}, "missing_lines": [], "excluded_lines": [], "executed_branches": [], "missing_branches": []}, "WhisperSpeechRecognitionAdapter.unload_model": {"executed_lines": [], "summary": {"covered_lines": 0, "num_statements": 13, "percent_covered": 0.0, "percent_covered_display": "0", "missing_lines": 13, "excluded_lines": 0, "num_branches": 4, "num_partial_branches": 0, "covered_branches": 0, "missing_branches": 4}, "missing_lines": [29, 30, 31, 32, 33, 34, 35, 36, 37, 38, 39, 40, 41], "excluded_lines": [], "executed_branches": [], "missing_branches": [[31, 32], [31, 36], [36, -27], [36, 37]]}, "WhisperSpeechRecognitionAdapter.transcribe_array": {"executed_lines": [45, 46, 47, 49, 51, 52, 56, 57, 60, 66, 67, 69], "summary": {"covered_lines": 12, "num_statements": 16, "percent_covered": 75.0, "percent_covered_display": "75", "missing_lines": 4, "excluded_lines": 0, "num_branches": 4, "num_partial_branches": 1, "covered_branches": 3, "missing_branches": 1}, "missing_lines": [54, 71, 72, 73], "excluded_lines": [], "executed_branches": [[46, 47], [46, 49], [51, 52]], "missing_branches": [[51, 54]]}, "WhisperSpeechRecognitionAdapter.transcribe_file": {"executed_lines": [77, 78, 81, 82, 83, 85, 91, 92, 94], "summary": {"covered_lines": 9, "num_statements": 13, "percent_covered": 66.66666666666667, "percent_covered_display": "67", "missing_lines": 4, "excluded_lines": 0, "num_branches": 2, "num_partial_branches": 1, "covered_branches": 1, "missing_branches": 1}, "missing_lines": [79, 96, 97, 98], "excluded_lines": [], "executed_branches": [[78, 81]], "missing_branches": [[78, 79]]}, "WhisperSpeechRecognitionAdapter.get_available_models": {"executed_lines": [], "summary": {"covered_lines": 0, "num_statements": 1, "percent_covered": 0.0, "percent_covered_display": "0", "missing_lines": 1, "excluded_lines": 0, "num_branches": 0, "num_partial_branches": 0, "covered_branches": 0, "missing_branches": 0}, "missing_lines": [102], "excluded_lines": [], "executed_branches": [], "missing_branches": []}, "": {"executed_lines": [1, 2, 3, 4, 5, 8, 9, 11, 17, 27, 43, 75, 100], "summary": {"covered_lines": 12, "num_statements": 12, "percent_covered": 100.0, "percent_covered_display": "100", "missing_lines": 0, "excluded_lines": 0, "num_branches": 0, "num_partial_branches": 0, "covered_branches": 0, "missing_branches": 0}, "missing_lines": [], "excluded_lines": [], "executed_branches": [], "missing_branches": []}}, "classes": {"WhisperSpeechRecognitionAdapter": {"executed_lines": [12, 13, 14, 15, 19, 20, 21, 22, 23, 24, 25, 45, 46, 47, 49, 51, 52, 56, 57, 60, 66, 67, 69, 77, 78, 81, 82, 83, 85, 91, 92, 94], "summary": {"covered_lines": 32, "num_statements": 54, "percent_covered": 56.25, "percent_covered_display": "56", "missing_lines": 22, "excluded_lines": 0, "num_branches": 10, "num_partial_branches": 2, "covered_branches": 4, "missing_branches": 6}, "missing_lines": [29, 30, 31, 32, 33, 34, 35, 36, 37, 38, 39, 40, 41, 54, 71, 72, 73, 79, 96, 97, 98, 102], "excluded_lines": [], "executed_branches": [[46, 47], [46, 49], [51, 52], [78, 81]], "missing_branches": [[31, 32], [31, 36], [36, -27], [36, 37], [51, 54], [78, 79]]}, "": {"executed_lines": [1, 2, 3, 4, 5, 8, 9, 11, 17, 27, 43, 75, 100], "summary": {"covered_lines": 12, "num_statements": 12, "percent_covered": 100.0, "percent_covered_display": "100", "missing_lines": 0, "excluded_lines": 0, "num_branches": 0, "num_partial_branches": 0, "covered_branches": 0, "missing_branches": 0}, "missing_lines": [], "excluded_lines": [], "executed_branches": [], "missing_branches": []}}}, "src\\adapters\\vosk_wake_word_adapter.py": {"executed_lines": [1, 2, 3, 4, 5, 7, 8, 10, 11, 13, 16, 17, 23, 24, 25, 27, 38, 39, 44, 45, 46, 48, 49, 51, 52, 54, 55, 56, 58, 102, 127, 139, 151, 183], "summary": {"covered_lines": 33, "num_statements": 129, "percent_covered": 20.754716981132077, "percent_covered_display": "21", "missing_lines": 96, "excluded_lines": 0, "num_branches": 30, "num_partial_branches": 0, "covered_branches": 0, "missing_branches": 30}, "missing_lines": [40, 41, 42, 65, 66, 67, 69, 70, 71, 73, 74, 75, 76, 77, 78, 80, 81, 90, 91, 92, 93, 94, 96, 97, 98, 99, 100, 104, 105, 107, 108, 109, 111, 112, 113, 114, 115, 116, 117, 119, 120, 121, 122, 123, 125, 129, 130, 131, 132, 133, 134, 135, 136, 137, 147, 148, 149, 153, 154, 156, 157, 158, 159, 160, 162, 163, 165, 166, 167, 168, 169, 171, 172, 173, 174, 176, 177, 178, 179, 181, 185, 186, 187, 189, 191, 192, 194, 195, 197, 198, 199, 200, 201, 202, 203, 204], "excluded_lines": [], "executed_branches": [], "missing_branches": [[69, 70], [69, 73], [107, 108], [107, 111], [111, 112], [111, 119], [119, 120], [119, 125], [131, 132], [131, 137], [133, 131], [133, 134], [147, 148], [147, 149], [156, 157], [156, 181], [162, 163], [162, 165], [165, 166], [165, 171], [172, 173], [172, 176], [186, 187], [186, 189], [191, 192], [191, 194], [198, -183], [198, 199], [200, -183], [200, 201]], "functions": {"VoskWakeWordAdapter.__init__": {"executed_lines": [38, 39, 44, 45, 46, 48, 49, 51, 52, 54, 55, 56], "summary": {"covered_lines": 12, "num_statements": 15, "percent_covered": 80.0, "percent_covered_display": "80", "missing_lines": 3, "excluded_lines": 0, "num_branches": 0, "num_partial_branches": 0, "covered_branches": 0, "missing_branches": 0}, "missing_lines": [40, 41, 42], "excluded_lines": [], "executed_branches": [], "missing_branches": []}, "VoskWakeWordAdapter.start": {"executed_lines": [], "summary": {"covered_lines": 0, "num_statements": 24, "percent_covered": 0.0, "percent_covered_display": "0", "missing_lines": 24, "excluded_lines": 0, "num_branches": 2, "num_partial_branches": 0, "covered_branches": 0, "missing_branches": 2}, "missing_lines": [65, 66, 67, 69, 70, 71, 73, 74, 75, 76, 77, 78, 80, 81, 90, 91, 92, 93, 94, 96, 97, 98, 99, 100], "excluded_lines": [], "executed_branches": [], "missing_branches": [[69, 70], [69, 73]]}, "VoskWakeWordAdapter.stop": {"executed_lines": [], "summary": {"covered_lines": 0, "num_statements": 18, "percent_covered": 0.0, "percent_covered_display": "0", "missing_lines": 18, "excluded_lines": 0, "num_branches": 6, "num_partial_branches": 0, "covered_branches": 0, "missing_branches": 6}, "missing_lines": [104, 105, 107, 108, 109, 111, 112, 113, 114, 115, 116, 117, 119, 120, 121, 122, 123, 125], "excluded_lines": [], "executed_branches": [], "missing_branches": [[107, 108], [107, 111], [111, 112], [111, 119], [119, 120], [119, 125]]}, "VoskWakeWordAdapter.get_audio_devices": {"executed_lines": [], "summary": {"covered_lines": 0, "num_statements": 9, "percent_covered": 0.0, "percent_covered_display": "0", "missing_lines": 9, "excluded_lines": 0, "num_branches": 4, "num_partial_branches": 0, "covered_branches": 0, "missing_branches": 4}, "missing_lines": [129, 130, 131, 132, 133, 134, 135, 136, 137], "excluded_lines": [], "executed_branches": [], "missing_branches": [[131, 132], [131, 137], [133, 131], [133, 134]]}, "VoskWakeWordAdapter._pyaudio_callback": {"executed_lines": [], "summary": {"covered_lines": 0, "num_statements": 3, "percent_covered": 0.0, "percent_covered_display": "0", "missing_lines": 3, "excluded_lines": 0, "num_branches": 2, "num_partial_branches": 0, "covered_branches": 0, "missing_branches": 2}, "missing_lines": [147, 148, 149], "excluded_lines": [], "executed_branches": [], "missing_branches": [[147, 148], [147, 149]]}, "VoskWakeWordAdapter._recognition_loop": {"executed_lines": [], "summary": {"covered_lines": 0, "num_statements": 23, "percent_covered": 0.0, "percent_covered_display": "0", "missing_lines": 23, "excluded_lines": 0, "num_branches": 8, "num_partial_branches": 0, "covered_branches": 0, "missing_branches": 8}, "missing_lines": [153, 154, 156, 157, 158, 159, 160, 162, 163, 165, 166, 167, 168, 169, 171, 172, 173, 174, 176, 177, 178, 179, 181], "excluded_lines": [], "executed_branches": [], "missing_branches": [[156, 157], [156, 181], [162, 163], [162, 165], [165, 166], [165, 171], [172, 173], [172, 176]]}, "VoskWakeWordAdapter._handle_result": {"executed_lines": [], "summary": {"covered_lines": 0, "num_statements": 16, "percent_covered": 0.0, "percent_covered_display": "0", "missing_lines": 16, "excluded_lines": 0, "num_branches": 8, "num_partial_branches": 0, "covered_branches": 0, "missing_branches": 8}, "missing_lines": [185, 186, 187, 189, 191, 192, 194, 195, 197, 198, 199, 200, 201, 202, 203, 204], "excluded_lines": [], "executed_branches": [], "missing_branches": [[186, 187], [186, 189], [191, 192], [191, 194], [198, -183], [198, 199], [200, -183], [200, 201]]}, "": {"executed_lines": [1, 2, 3, 4, 5, 7, 8, 10, 11, 13, 16, 17, 23, 24, 25, 27, 58, 102, 127, 139, 151, 183], "summary": {"covered_lines": 21, "num_statements": 21, "percent_covered": 100.0, "percent_covered_display": "100", "missing_lines": 0, "excluded_lines": 0, "num_branches": 0, "num_partial_branches": 0, "covered_branches": 0, "missing_branches": 0}, "missing_lines": [], "excluded_lines": [], "executed_branches": [], "missing_branches": []}}, "classes": {"VoskWakeWordAdapter": {"executed_lines": [38, 39, 44, 45, 46, 48, 49, 51, 52, 54, 55, 56], "summary": {"covered_lines": 12, "num_statements": 108, "percent_covered": 8.695652173913043, "percent_covered_display": "9", "missing_lines": 96, "excluded_lines": 0, "num_branches": 30, "num_partial_branches": 0, "covered_branches": 0, "missing_branches": 30}, "missing_lines": [40, 41, 42, 65, 66, 67, 69, 70, 71, 73, 74, 75, 76, 77, 78, 80, 81, 90, 91, 92, 93, 94, 96, 97, 98, 99, 100, 104, 105, 107, 108, 109, 111, 112, 113, 114, 115, 116, 117, 119, 120, 121, 122, 123, 125, 129, 130, 131, 132, 133, 134, 135, 136, 137, 147, 148, 149, 153, 154, 156, 157, 158, 159, 160, 162, 163, 165, 166, 167, 168, 169, 171, 172, 173, 174, 176, 177, 178, 179, 181, 185, 186, 187, 189, 191, 192, 194, 195, 197, 198, 199, 200, 201, 202, 203, 204], "excluded_lines": [], "executed_branches": [], "missing_branches": [[69, 70], [69, 73], [107, 108], [107, 111], [111, 112], [111, 119], [119, 120], [119, 125], [131, 132], [131, 137], [133, 131], [133, 134], [147, 148], [147, 149], [156, 157], [156, 181], [162, 163], [162, 165], [165, 166], [165, 171], [172, 173], [172, 176], [186, 187], [186, 189], [191, 192], [191, 194], [198, -183], [198, 199], [200, -183], [200, 201]]}, "": {"executed_lines": [1, 2, 3, 4, 5, 7, 8, 10, 11, 13, 16, 17, 23, 24, 25, 27, 58, 102, 127, 139, 151, 183], "summary": {"covered_lines": 21, "num_statements": 21, "percent_covered": 100.0, "percent_covered_display": "100", "missing_lines": 0, "excluded_lines": 0, "num_branches": 0, "num_partial_branches": 0, "covered_branches": 0, "missing_branches": 0}, "missing_lines": [], "excluded_lines": [], "executed_branches": [], "missing_branches": []}}}, "src\\controllers\\self_improvement_controller.py": {"executed_lines": [], "summary": {"covered_lines": 0, "num_statements": 8, "percent_covered": 0.0, "percent_covered_display": "0", "missing_lines": 8, "excluded_lines": 0, "num_branches": 0, "num_partial_branches": 0, "covered_branches": 0, "missing_branches": 0}, "missing_lines": [2, 4, 5, 6, 8, 9, 10, 11], "excluded_lines": [], "executed_branches": [], "missing_branches": [], "functions": {"SelfImprovementController.__init__": {"executed_lines": [], "summary": {"covered_lines": 0, "num_statements": 1, "percent_covered": 0.0, "percent_covered_display": "0", "missing_lines": 1, "excluded_lines": 0, "num_branches": 0, "num_partial_branches": 0, "covered_branches": 0, "missing_branches": 0}, "missing_lines": [6], "excluded_lines": [], "executed_branches": [], "missing_branches": []}, "SelfImprovementController.trigger_self_improvement": {"executed_lines": [], "summary": {"covered_lines": 0, "num_statements": 3, "percent_covered": 0.0, "percent_covered_display": "0", "missing_lines": 3, "excluded_lines": 0, "num_branches": 0, "num_partial_branches": 0, "covered_branches": 0, "missing_branches": 0}, "missing_lines": [9, 10, 11], "excluded_lines": [], "executed_branches": [], "missing_branches": []}, "": {"executed_lines": [], "summary": {"covered_lines": 0, "num_statements": 4, "percent_covered": 0.0, "percent_covered_display": "0", "missing_lines": 4, "excluded_lines": 0, "num_branches": 0, "num_partial_branches": 0, "covered_branches": 0, "missing_branches": 0}, "missing_lines": [2, 4, 5, 8], "excluded_lines": [], "executed_branches": [], "missing_branches": []}}, "classes": {"SelfImprovementController": {"executed_lines": [], "summary": {"covered_lines": 0, "num_statements": 4, "percent_covered": 0.0, "percent_covered_display": "0", "missing_lines": 4, "excluded_lines": 0, "num_branches": 0, "num_partial_branches": 0, "covered_branches": 0, "missing_branches": 0}, "missing_lines": [6, 9, 10, 11], "excluded_lines": [], "executed_branches": [], "missing_branches": []}, "": {"executed_lines": [], "summary": {"covered_lines": 0, "num_statements": 4, "percent_covered": 0.0, "percent_covered_display": "0", "missing_lines": 4, "excluded_lines": 0, "num_branches": 0, "num_partial_branches": 0, "covered_branches": 0, "missing_branches": 0}, "missing_lines": [2, 4, 5, 8], "excluded_lines": [], "executed_branches": [], "missing_branches": []}}}, "src\\core\\app_factory.py": {"executed_lines": [1, 6, 7, 8, 9, 10, 13, 14, 15, 16, 17, 18, 19, 20, 21, 22, 23, 25, 28, 30, 38, 41, 44, 45, 48, 49, 54, 56, 57, 58, 61, 64, 65, 68, 71, 84, 85, 87, 137, 186, 188, 189, 192], "summary": {"covered_lines": 42, "num_statements": 75, "percent_covered": 55.84415584415584, "percent_covered_display": "56", "missing_lines": 33, "excluded_lines": 0, "num_branches": 2, "num_partial_branches": 1, "covered_branches": 1, "missing_branches": 1}, "missing_lines": [50, 51, 95, 98, 101, 102, 105, 106, 107, 108, 111, 114, 115, 118, 121, 134, 135, 145, 148, 151, 152, 155, 156, 157, 158, 161, 164, 165, 168, 181, 182, 194, 195], "excluded_lines": [], "executed_branches": [[49, 54]], "missing_branches": [[49, 50]], "functions": {"create_assistant": {"executed_lines": [38, 41, 44, 45, 48, 49, 54, 56, 57, 58, 61, 64, 65, 68, 71, 84, 85], "summary": {"covered_lines": 17, "num_statements": 19, "percent_covered": 85.71428571428571, "percent_covered_display": "86", "missing_lines": 2, "excluded_lines": 0, "num_branches": 2, "num_partial_branches": 1, "covered_branches": 1, "missing_branches": 1}, "missing_lines": [50, 51], "excluded_lines": [], "executed_branches": [[49, 54]], "missing_branches": [[49, 50]]}, "create_assistant_with_simulation": {"executed_lines": [], "summary": {"covered_lines": 0, "num_statements": 15, "percent_covered": 0.0, "percent_covered_display": "0", "missing_lines": 15, "excluded_lines": 0, "num_branches": 0, "num_partial_branches": 0, "covered_branches": 0, "missing_branches": 0}, "missing_lines": [95, 98, 101, 102, 105, 106, 107, 108, 111, 114, 115, 118, 121, 134, 135], "excluded_lines": [], "executed_branches": [], "missing_branches": []}, "create_minimal_assistant": {"executed_lines": [], "summary": {"covered_lines": 0, "num_statements": 14, "percent_covered": 0.0, "percent_covered_display": "0", "missing_lines": 14, "excluded_lines": 0, "num_branches": 0, "num_partial_branches": 0, "covered_branches": 0, "missing_branches": 0}, "missing_lines": [145, 148, 151, 152, 155, 156, 157, 158, 161, 164, 165, 168, 181, 182], "excluded_lines": [], "executed_branches": [], "missing_branches": []}, "create_speech_recognition_service_prod": {"executed_lines": [188, 189], "summary": {"covered_lines": 2, "num_statements": 2, "percent_covered": 100.0, "percent_covered_display": "100", "missing_lines": 0, "excluded_lines": 0, "num_branches": 0, "num_partial_branches": 0, "covered_branches": 0, "missing_branches": 0}, "missing_lines": [], "excluded_lines": [], "executed_branches": [], "missing_branches": []}, "create_speech_recognition_service_simulated": {"executed_lines": [], "summary": {"covered_lines": 0, "num_statements": 2, "percent_covered": 0.0, "percent_covered_display": "0", "missing_lines": 2, "excluded_lines": 0, "num_branches": 0, "num_partial_branches": 0, "covered_branches": 0, "missing_branches": 0}, "missing_lines": [194, 195], "excluded_lines": [], "executed_branches": [], "missing_branches": []}, "": {"executed_lines": [1, 6, 7, 8, 9, 10, 13, 14, 15, 16, 17, 18, 19, 20, 21, 22, 23, 25, 28, 30, 87, 137, 186, 192], "summary": {"covered_lines": 23, "num_statements": 23, "percent_covered": 100.0, "percent_covered_display": "100", "missing_lines": 0, "excluded_lines": 0, "num_branches": 0, "num_partial_branches": 0, "covered_branches": 0, "missing_branches": 0}, "missing_lines": [], "excluded_lines": [], "executed_branches": [], "missing_branches": []}}, "classes": {"": {"executed_lines": [1, 6, 7, 8, 9, 10, 13, 14, 15, 16, 17, 18, 19, 20, 21, 22, 23, 25, 28, 30, 38, 41, 44, 45, 48, 49, 54, 56, 57, 58, 61, 64, 65, 68, 71, 84, 85, 87, 137, 186, 188, 189, 192], "summary": {"covered_lines": 42, "num_statements": 75, "percent_covered": 55.84415584415584, "percent_covered_display": "56", "missing_lines": 33, "excluded_lines": 0, "num_branches": 2, "num_partial_branches": 1, "covered_branches": 1, "missing_branches": 1}, "missing_lines": [50, 51, 95, 98, 101, 102, 105, 106, 107, 108, 111, 114, 115, 118, 121, 134, 135, 145, 148, 151, 152, 155, 156, 157, 158, 161, 164, 165, 168, 181, 182, 194, 195], "excluded_lines": [], "executed_branches": [[49, 54]], "missing_branches": [[49, 50]]}}}, "src\\core\\app_runner.py": {"executed_lines": [1, 2, 3, 4, 6, 7, 9, 10, 11, 12, 13, 18, 21, 42, 46, 79, 124], "summary": {"covered_lines": 17, "num_statements": 102, "percent_covered": 14.40677966101695, "percent_covered_display": "14", "missing_lines": 85, "excluded_lines": 0, "num_branches": 16, "num_partial_branches": 0, "covered_branches": 0, "missing_branches": 16}, "missing_lines": [22, 23, 24, 25, 26, 28, 29, 30, 35, 36, 37, 39, 43, 50, 51, 52, 53, 58, 59, 60, 65, 66, 68, 69, 70, 71, 72, 74, 80, 81, 82, 84, 85, 87, 88, 89, 90, 91, 92, 94, 96, 97, 98, 100, 101, 102, 104, 105, 107, 108, 109, 111, 112, 113, 114, 115, 117, 121, 128, 130, 131, 133, 134, 140, 142, 143, 144, 145, 146, 147, 149, 150, 151, 152, 153, 155, 156, 157, 158, 160, 161, 162, 163, 164, 166], "excluded_lines": [], "executed_branches": [], "missing_branches": [[23, 24], [23, 28], [51, 52], [51, 58], [80, 81], [80, 84], [84, 85], [84, 121], [96, 97], [96, 100], [100, 101], [100, 104], [104, 105], [104, 107], [152, 150], [152, 153]], "functions": {"_install_global_exception_handler": {"executed_lines": [], "summary": {"covered_lines": 0, "num_statements": 2, "percent_covered": 0.0, "percent_covered_display": "0", "missing_lines": 2, "excluded_lines": 0, "num_branches": 0, "num_partial_branches": 0, "covered_branches": 0, "missing_branches": 0}, "missing_lines": [22, 39], "excluded_lines": [], "executed_branches": [], "missing_branches": []}, "_install_global_exception_handler.global_exception_handler": {"executed_lines": [], "summary": {"covered_lines": 0, "num_statements": 10, "percent_covered": 0.0, "percent_covered_display": "0", "missing_lines": 10, "excluded_lines": 0, "num_branches": 2, "num_partial_branches": 0, "covered_branches": 0, "missing_branches": 2}, "missing_lines": [23, 24, 25, 26, 28, 29, 30, 35, 36, 37], "excluded_lines": [], "executed_branches": [], "missing_branches": [[23, 24], [23, 28]]}, "_should_return_to_menu": {"executed_lines": [], "summary": {"covered_lines": 0, "num_statements": 1, "percent_covered": 0.0, "percent_covered_display": "0", "missing_lines": 1, "excluded_lines": 0, "num_branches": 0, "num_partial_branches": 0, "covered_branches": 0, "missing_branches": 0}, "missing_lines": [43], "excluded_lines": [], "executed_branches": [], "missing_branches": []}, "_run_assistant_loop": {"executed_lines": [], "summary": {"covered_lines": 0, "num_statements": 15, "percent_covered": 0.0, "percent_covered_display": "0", "missing_lines": 15, "excluded_lines": 0, "num_branches": 2, "num_partial_branches": 0, "covered_branches": 0, "missing_branches": 2}, "missing_lines": [50, 51, 52, 53, 58, 59, 60, 65, 66, 68, 69, 70, 71, 72, 74], "excluded_lines": [], "executed_branches": [], "missing_branches": [[51, 52], [51, 58]]}, "_handle_menu_choice": {"executed_lines": [], "summary": {"covered_lines": 0, "num_statements": 30, "percent_covered": 0.0, "percent_covered_display": "0", "missing_lines": 30, "excluded_lines": 0, "num_branches": 10, "num_partial_branches": 0, "covered_branches": 0, "missing_branches": 10}, "missing_lines": [80, 81, 82, 84, 85, 87, 88, 89, 90, 91, 92, 94, 96, 97, 98, 100, 101, 102, 104, 105, 107, 108, 109, 111, 112, 113, 114, 115, 117, 121], "excluded_lines": [], "executed_branches": [], "missing_branches": [[80, 81], [80, 84], [84, 85], [84, 121], [96, 97], [96, 100], [100, 101], [100, 104], [104, 105], [104, 107]]}, "run_application": {"executed_lines": [], "summary": {"covered_lines": 0, "num_statements": 27, "percent_covered": 0.0, "percent_covered_display": "0", "missing_lines": 27, "excluded_lines": 0, "num_branches": 2, "num_partial_branches": 0, "covered_branches": 0, "missing_branches": 2}, "missing_lines": [128, 130, 131, 133, 134, 140, 142, 143, 144, 145, 146, 147, 149, 150, 151, 152, 153, 155, 156, 157, 158, 160, 161, 162, 163, 164, 166], "excluded_lines": [], "executed_branches": [], "missing_branches": [[152, 150], [152, 153]]}, "": {"executed_lines": [1, 2, 3, 4, 6, 7, 9, 10, 11, 12, 13, 18, 21, 42, 46, 79, 124], "summary": {"covered_lines": 17, "num_statements": 17, "percent_covered": 100.0, "percent_covered_display": "100", "missing_lines": 0, "excluded_lines": 0, "num_branches": 0, "num_partial_branches": 0, "covered_branches": 0, "missing_branches": 0}, "missing_lines": [], "excluded_lines": [], "executed_branches": [], "missing_branches": []}}, "classes": {"": {"executed_lines": [1, 2, 3, 4, 6, 7, 9, 10, 11, 12, 13, 18, 21, 42, 46, 79, 124], "summary": {"covered_lines": 17, "num_statements": 102, "percent_covered": 14.40677966101695, "percent_covered_display": "14", "missing_lines": 85, "excluded_lines": 0, "num_branches": 16, "num_partial_branches": 0, "covered_branches": 0, "missing_branches": 16}, "missing_lines": [22, 23, 24, 25, 26, 28, 29, 30, 35, 36, 37, 39, 43, 50, 51, 52, 53, 58, 59, 60, 65, 66, 68, 69, 70, 71, 72, 74, 80, 81, 82, 84, 85, 87, 88, 89, 90, 91, 92, 94, 96, 97, 98, 100, 101, 102, 104, 105, 107, 108, 109, 111, 112, 113, 114, 115, 117, 121, 128, 130, 131, 133, 134, 140, 142, 143, 144, 145, 146, 147, 149, 150, 151, 152, 153, 155, 156, 157, 158, 160, 161, 162, 163, 164, 166], "excluded_lines": [], "executed_branches": [], "missing_branches": [[23, 24], [23, 28], [51, 52], [51, 58], [80, 81], [80, 84], [84, 85], [84, 121], [96, 97], [96, 100], [100, 101], [100, 104], [104, 105], [104, 107], [152, 150], [152, 153]]}}}, "src\\core\\audio_pipeline.py": {"executed_lines": [2, 3, 4, 5, 6, 7, 9, 12, 13, 15, 22, 23, 24, 25, 27, 28, 30, 31, 33, 34, 36, 37, 39, 45, 55, 57, 58, 59, 60, 61, 63, 65, 67, 69, 71, 88, 93, 105, 125, 143, 145, 146, 147, 148, 149, 150, 151], "summary": {"covered_lines": 46, "num_statements": 99, "percent_covered": 42.016806722689076, "percent_covered_display": "42", "missing_lines": 53, "excluded_lines": 0, "num_branches": 20, "num_partial_branches": 0, "covered_branches": 4, "missing_branches": 16}, "missing_lines": [47, 49, 50, 51, 53, 73, 74, 75, 76, 77, 80, 81, 82, 83, 84, 85, 86, 89, 90, 91, 95, 96, 98, 100, 103, 106, 107, 108, 109, 110, 111, 112, 113, 114, 116, 117, 118, 120, 122, 123, 127, 128, 129, 130, 131, 133, 134, 135, 136, 138, 139, 140, 141], "excluded_lines": [], "executed_branches": [[146, 147], [146, 151], [147, 146], [147, 148]], "missing_branches": [[73, 74], [73, 75], [90, -88], [90, 91], [108, 109], [108, 116], [116, 117], [116, 120], [122, -105], [122, 123], [128, 129], [128, 130], [130, 131], [130, 133], [133, 134], [133, 138]], "functions": {"AudioPipeline.__init__": {"executed_lines": [22, 23, 24, 25, 27, 28, 30, 31, 33, 34, 36, 37, 39], "summary": {"covered_lines": 13, "num_statements": 13, "percent_covered": 100.0, "percent_covered_display": "100", "missing_lines": 0, "excluded_lines": 0, "num_branches": 0, "num_partial_branches": 0, "covered_branches": 0, "missing_branches": 0}, "missing_lines": [], "excluded_lines": [], "executed_branches": [], "missing_branches": []}, "AudioPipeline.start": {"executed_lines": [], "summary": {"covered_lines": 0, "num_statements": 5, "percent_covered": 0.0, "percent_covered_display": "0", "missing_lines": 5, "excluded_lines": 0, "num_branches": 0, "num_partial_branches": 0, "covered_branches": 0, "missing_branches": 0}, "missing_lines": [47, 49, 50, 51, 53], "excluded_lines": [], "executed_branches": [], "missing_branches": []}, "AudioPipeline.stop": {"executed_lines": [57, 58, 59, 60, 61], "summary": {"covered_lines": 5, "num_statements": 5, "percent_covered": 100.0, "percent_covered_display": "100", "missing_lines": 0, "excluded_lines": 0, "num_branches": 0, "num_partial_branches": 0, "covered_branches": 0, "missing_branches": 0}, "missing_lines": [], "excluded_lines": [], "executed_branches": [], "missing_branches": []}, "AudioPipeline.set_transcription_callback": {"executed_lines": [65], "summary": {"covered_lines": 1, "num_statements": 1, "percent_covered": 100.0, "percent_covered_display": "100", "missing_lines": 0, "excluded_lines": 0, "num_branches": 0, "num_partial_branches": 0, "covered_branches": 0, "missing_branches": 0}, "missing_lines": [], "excluded_lines": [], "executed_branches": [], "missing_branches": []}, "AudioPipeline.set_wake_word_callback": {"executed_lines": [69], "summary": {"covered_lines": 1, "num_statements": 1, "percent_covered": 100.0, "percent_covered_display": "100", "missing_lines": 0, "excluded_lines": 0, "num_branches": 0, "num_partial_branches": 0, "covered_branches": 0, "missing_branches": 0}, "missing_lines": [], "excluded_lines": [], "executed_branches": [], "missing_branches": []}, "AudioPipeline.speak": {"executed_lines": [], "summary": {"covered_lines": 0, "num_statements": 12, "percent_covered": 0.0, "percent_covered_display": "0", "missing_lines": 12, "excluded_lines": 0, "num_branches": 2, "num_partial_branches": 0, "covered_branches": 0, "missing_branches": 2}, "missing_lines": [73, 74, 75, 76, 77, 80, 81, 82, 83, 84, 85, 86], "excluded_lines": [], "executed_branches": [], "missing_branches": [[73, 74], [73, 75]]}, "AudioPipeline._on_wake_word_detected_fn": {"executed_lines": [], "summary": {"covered_lines": 0, "num_statements": 3, "percent_covered": 0.0, "percent_covered_display": "0", "missing_lines": 3, "excluded_lines": 0, "num_branches": 2, "num_partial_branches": 0, "covered_branches": 0, "missing_branches": 2}, "missing_lines": [89, 90, 91], "excluded_lines": [], "executed_branches": [], "missing_branches": [[90, -88], [90, 91]]}, "AudioPipeline._on_audio_received_fn": {"executed_lines": [], "summary": {"covered_lines": 0, "num_statements": 5, "percent_covered": 0.0, "percent_covered_display": "0", "missing_lines": 5, "excluded_lines": 0, "num_branches": 0, "num_partial_branches": 0, "covered_branches": 0, "missing_branches": 0}, "missing_lines": [95, 96, 98, 100, 103], "excluded_lines": [], "executed_branches": [], "missing_branches": []}, "AudioPipeline._handle_transcription": {"executed_lines": [], "summary": {"covered_lines": 0, "num_statements": 15, "percent_covered": 0.0, "percent_covered_display": "0", "missing_lines": 15, "excluded_lines": 0, "num_branches": 6, "num_partial_branches": 0, "covered_branches": 0, "missing_branches": 6}, "missing_lines": [106, 107, 108, 109, 110, 111, 112, 113, 114, 116, 117, 118, 120, 122, 123], "excluded_lines": [], "executed_branches": [], "missing_branches": [[108, 109], [108, 116], [116, 117], [116, 120], [122, -105], [122, 123]]}, "AudioPipeline.optimize_performance": {"executed_lines": [], "summary": {"covered_lines": 0, "num_statements": 13, "percent_covered": 0.0, "percent_covered_display": "0", "missing_lines": 13, "excluded_lines": 0, "num_branches": 6, "num_partial_branches": 0, "covered_branches": 0, "missing_branches": 6}, "missing_lines": [127, 128, 129, 130, 131, 133, 134, 135, 136, 138, 139, 140, 141], "excluded_lines": [], "executed_branches": [], "missing_branches": [[128, 129], [128, 130], [130, 131], [130, 133], [133, 134], [133, 138]]}, "AudioPipeline.get_latency_stats": {"executed_lines": [145, 146, 147, 148, 149, 150, 151], "summary": {"covered_lines": 7, "num_statements": 7, "percent_covered": 100.0, "percent_covered_display": "100", "missing_lines": 0, "excluded_lines": 0, "num_branches": 4, "num_partial_branches": 0, "covered_branches": 4, "missing_branches": 0}, "missing_lines": [], "excluded_lines": [], "executed_branches": [[146, 147], [146, 151], [147, 146], [147, 148]], "missing_branches": []}, "": {"executed_lines": [2, 3, 4, 5, 6, 7, 9, 12, 13, 15, 45, 55, 63, 67, 71, 88, 93, 105, 125, 143], "summary": {"covered_lines": 19, "num_statements": 19, "percent_covered": 100.0, "percent_covered_display": "100", "missing_lines": 0, "excluded_lines": 0, "num_branches": 0, "num_partial_branches": 0, "covered_branches": 0, "missing_branches": 0}, "missing_lines": [], "excluded_lines": [], "executed_branches": [], "missing_branches": []}}, "classes": {"AudioPipeline": {"executed_lines": [22, 23, 24, 25, 27, 28, 30, 31, 33, 34, 36, 37, 39, 57, 58, 59, 60, 61, 65, 69, 145, 146, 147, 148, 149, 150, 151], "summary": {"covered_lines": 27, "num_statements": 80, "percent_covered": 31.0, "percent_covered_display": "31", "missing_lines": 53, "excluded_lines": 0, "num_branches": 20, "num_partial_branches": 0, "covered_branches": 4, "missing_branches": 16}, "missing_lines": [47, 49, 50, 51, 53, 73, 74, 75, 76, 77, 80, 81, 82, 83, 84, 85, 86, 89, 90, 91, 95, 96, 98, 100, 103, 106, 107, 108, 109, 110, 111, 112, 113, 114, 116, 117, 118, 120, 122, 123, 127, 128, 129, 130, 131, 133, 134, 135, 136, 138, 139, 140, 141], "excluded_lines": [], "executed_branches": [[146, 147], [146, 151], [147, 146], [147, 148]], "missing_branches": [[73, 74], [73, 75], [90, -88], [90, 91], [108, 109], [108, 116], [116, 117], [116, 120], [122, -105], [122, 123], [128, 129], [128, 130], [130, 131], [130, 133], [133, 134], [133, 138]]}, "": {"executed_lines": [2, 3, 4, 5, 6, 7, 9, 12, 13, 15, 45, 55, 63, 67, 71, 88, 93, 105, 125, 143], "summary": {"covered_lines": 19, "num_statements": 19, "percent_covered": 100.0, "percent_covered_display": "100", "missing_lines": 0, "excluded_lines": 0, "num_branches": 0, "num_partial_branches": 0, "covered_branches": 0, "missing_branches": 0}, "missing_lines": [], "excluded_lines": [], "executed_branches": [], "missing_branches": []}}}, "src\\core\\conversation_handler.py": {"executed_lines": [2, 4, 7, 8, 10, 15, 16, 17, 19, 23, 25, 26, 27, 29, 30, 32, 33, 35, 38, 45, 47, 49, 51, 52, 54], "summary": {"covered_lines": 24, "num_statements": 32, "percent_covered": 73.52941176470588, "percent_covered_display": "74", "missing_lines": 8, "excluded_lines": 0, "num_branches": 2, "num_partial_branches": 1, "covered_branches": 1, "missing_branches": 1}, "missing_lines": [21, 36, 39, 40, 41, 42, 43, 56], "excluded_lines": [], "executed_branches": [[35, 38]], "missing_branches": [[35, 36]], "functions": {"ConversationHandler.__init__": {"executed_lines": [15, 16, 17], "summary": {"covered_lines": 3, "num_statements": 3, "percent_covered": 100.0, "percent_covered_display": "100", "missing_lines": 0, "excluded_lines": 0, "num_branches": 0, "num_partial_branches": 0, "covered_branches": 0, "missing_branches": 0}, "missing_lines": [], "excluded_lines": [], "executed_branches": [], "missing_branches": []}, "ConversationHandler.set_response_callback": {"executed_lines": [], "summary": {"covered_lines": 0, "num_statements": 1, "percent_covered": 0.0, "percent_covered_display": "0", "missing_lines": 1, "excluded_lines": 0, "num_branches": 0, "num_partial_branches": 0, "covered_branches": 0, "missing_branches": 0}, "missing_lines": [21], "excluded_lines": [], "executed_branches": [], "missing_branches": []}, "ConversationHandler.process_message": {"executed_lines": [25, 26, 27, 29, 30, 32, 33, 35, 38], "summary": {"covered_lines": 9, "num_statements": 15, "percent_covered": 58.8235294117647, "percent_covered_display": "59", "missing_lines": 6, "excluded_lines": 0, "num_branches": 2, "num_partial_branches": 1, "covered_branches": 1, "missing_branches": 1}, "missing_lines": [36, 39, 40, 41, 42, 43], "excluded_lines": [], "executed_branches": [[35, 38]], "missing_branches": [[35, 36]]}, "ConversationHandler.get_history": {"executed_lines": [47], "summary": {"covered_lines": 1, "num_statements": 1, "percent_covered": 100.0, "percent_covered_display": "100", "missing_lines": 0, "excluded_lines": 0, "num_branches": 0, "num_partial_branches": 0, "covered_branches": 0, "missing_branches": 0}, "missing_lines": [], "excluded_lines": [], "executed_branches": [], "missing_branches": []}, "ConversationHandler.clear_history": {"executed_lines": [51, 52], "summary": {"covered_lines": 2, "num_statements": 2, "percent_covered": 100.0, "percent_covered_display": "100", "missing_lines": 0, "excluded_lines": 0, "num_branches": 0, "num_partial_branches": 0, "covered_branches": 0, "missing_branches": 0}, "missing_lines": [], "excluded_lines": [], "executed_branches": [], "missing_branches": []}, "ConversationHandler.test_llm": {"executed_lines": [], "summary": {"covered_lines": 0, "num_statements": 1, "percent_covered": 0.0, "percent_covered_display": "0", "missing_lines": 1, "excluded_lines": 0, "num_branches": 0, "num_partial_branches": 0, "covered_branches": 0, "missing_branches": 0}, "missing_lines": [56], "excluded_lines": [], "executed_branches": [], "missing_branches": []}, "": {"executed_lines": [2, 4, 7, 8, 10, 19, 23, 45, 49, 54], "summary": {"covered_lines": 9, "num_statements": 9, "percent_covered": 100.0, "percent_covered_display": "100", "missing_lines": 0, "excluded_lines": 0, "num_branches": 0, "num_partial_branches": 0, "covered_branches": 0, "missing_branches": 0}, "missing_lines": [], "excluded_lines": [], "executed_branches": [], "missing_branches": []}}, "classes": {"ConversationHandler": {"executed_lines": [15, 16, 17, 25, 26, 27, 29, 30, 32, 33, 35, 38, 47, 51, 52], "summary": {"covered_lines": 15, "num_statements": 23, "percent_covered": 64.0, "percent_covered_display": "64", "missing_lines": 8, "excluded_lines": 0, "num_branches": 2, "num_partial_branches": 1, "covered_branches": 1, "missing_branches": 1}, "missing_lines": [21, 36, 39, 40, 41, 42, 43, 56], "excluded_lines": [], "executed_branches": [[35, 38]], "missing_branches": [[35, 36]]}, "": {"executed_lines": [2, 4, 7, 8, 10, 19, 23, 45, 49, 54], "summary": {"covered_lines": 9, "num_statements": 9, "percent_covered": 100.0, "percent_covered_display": "100", "missing_lines": 0, "excluded_lines": 0, "num_branches": 0, "num_partial_branches": 0, "covered_branches": 0, "missing_branches": 0}, "missing_lines": [], "excluded_lines": [], "executed_branches": [], "missing_branches": []}}}, "src\\core\\exceptions.py": {"executed_lines": [1, 2, 4, 5, 7, 8], "summary": {"covered_lines": 3, "num_statements": 3, "percent_covered": 100.0, "percent_covered_display": "100", "missing_lines": 0, "excluded_lines": 0, "num_branches": 0, "num_partial_branches": 0, "covered_branches": 0, "missing_branches": 0}, "missing_lines": [], "excluded_lines": [], "executed_branches": [], "missing_branches": [], "functions": {"": {"executed_lines": [1, 2, 4, 5, 7, 8], "summary": {"covered_lines": 3, "num_statements": 3, "percent_covered": 100.0, "percent_covered_display": "100", "missing_lines": 0, "excluded_lines": 0, "num_branches": 0, "num_partial_branches": 0, "covered_branches": 0, "missing_branches": 0}, "missing_lines": [], "excluded_lines": [], "executed_branches": [], "missing_branches": []}}, "classes": {"SpeechRecognitionError": {"executed_lines": [], "summary": {"covered_lines": 0, "num_statements": 0, "percent_covered": 100.0, "percent_covered_display": "100", "missing_lines": 0, "excluded_lines": 0, "num_branches": 0, "num_partial_branches": 0, "covered_branches": 0, "missing_branches": 0}, "missing_lines": [], "excluded_lines": [], "executed_branches": [], "missing_branches": []}, "TextToSpeechError": {"executed_lines": [], "summary": {"covered_lines": 0, "num_statements": 0, "percent_covered": 100.0, "percent_covered_display": "100", "missing_lines": 0, "excluded_lines": 0, "num_branches": 0, "num_partial_branches": 0, "covered_branches": 0, "missing_branches": 0}, "missing_lines": [], "excluded_lines": [], "executed_branches": [], "missing_branches": []}, "HardwareError": {"executed_lines": [], "summary": {"covered_lines": 0, "num_statements": 0, "percent_covered": 100.0, "percent_covered_display": "100", "missing_lines": 0, "excluded_lines": 0, "num_branches": 0, "num_partial_branches": 0, "covered_branches": 0, "missing_branches": 0}, "missing_lines": [], "excluded_lines": [], "executed_branches": [], "missing_branches": []}, "": {"executed_lines": [1, 2, 4, 5, 7, 8], "summary": {"covered_lines": 3, "num_statements": 3, "percent_covered": 100.0, "percent_covered_display": "100", "missing_lines": 0, "excluded_lines": 0, "num_branches": 0, "num_partial_branches": 0, "covered_branches": 0, "missing_branches": 0}, "missing_lines": [], "excluded_lines": [], "executed_branches": [], "missing_branches": []}}}, "src\\core\\intent_router.py": {"executed_lines": [3, 5, 6, 7, 9, 11, 14, 15, 16], "summary": {"covered_lines": 9, "num_statements": 10, "percent_covered": 83.33333333333333, "percent_covered_display": "83", "missing_lines": 1, "excluded_lines": 0, "num_branches": 2, "num_partial_branches": 1, "covered_branches": 1, "missing_branches": 1}, "missing_lines": [12], "excluded_lines": [], "executed_branches": [[11, 14]], "missing_branches": [[11, 12]], "functions": {"IntentRouter.__init__": {"executed_lines": [7], "summary": {"covered_lines": 1, "num_statements": 1, "percent_covered": 100.0, "percent_covered_display": "100", "missing_lines": 0, "excluded_lines": 0, "num_branches": 0, "num_partial_branches": 0, "covered_branches": 0, "missing_branches": 0}, "missing_lines": [], "excluded_lines": [], "executed_branches": [], "missing_branches": []}, "IntentRouter.route_intent": {"executed_lines": [11, 14, 15, 16], "summary": {"covered_lines": 4, "num_statements": 5, "percent_covered": 71.42857142857143, "percent_covered_display": "71", "missing_lines": 1, "excluded_lines": 0, "num_branches": 2, "num_partial_branches": 1, "covered_branches": 1, "missing_branches": 1}, "missing_lines": [12], "excluded_lines": [], "executed_branches": [[11, 14]], "missing_branches": [[11, 12]]}, "": {"executed_lines": [3, 5, 6, 9], "summary": {"covered_lines": 4, "num_statements": 4, "percent_covered": 100.0, "percent_covered_display": "100", "missing_lines": 0, "excluded_lines": 0, "num_branches": 0, "num_partial_branches": 0, "covered_branches": 0, "missing_branches": 0}, "missing_lines": [], "excluded_lines": [], "executed_branches": [], "missing_branches": []}}, "classes": {"IntentRouter": {"executed_lines": [7, 11, 14, 15, 16], "summary": {"covered_lines": 5, "num_statements": 6, "percent_covered": 75.0, "percent_covered_display": "75", "missing_lines": 1, "excluded_lines": 0, "num_branches": 2, "num_partial_branches": 1, "covered_branches": 1, "missing_branches": 1}, "missing_lines": [12], "excluded_lines": [], "executed_branches": [[11, 14]], "missing_branches": [[11, 12]]}, "": {"executed_lines": [3, 5, 6, 9], "summary": {"covered_lines": 4, "num_statements": 4, "percent_covered": 100.0, "percent_covered_display": "100", "missing_lines": 0, "excluded_lines": 0, "num_branches": 0, "num_partial_branches": 0, "covered_branches": 0, "missing_branches": 0}, "missing_lines": [], "excluded_lines": [], "executed_branches": [], "missing_branches": []}}}, "src\\core\\interface_manager.py": {"executed_lines": [2, 3, 4, 6, 7, 10, 11, 13, 14, 15, 16, 17, 19, 33, 61], "summary": {"covered_lines": 14, "num_statements": 47, "percent_covered": 28.571428571428573, "percent_covered_display": "29", "missing_lines": 33, "excluded_lines": 0, "num_branches": 2, "num_partial_branches": 0, "covered_branches": 0, "missing_branches": 2}, "missing_lines": [21, 22, 24, 25, 26, 27, 28, 29, 30, 31, 35, 36, 38, 39, 40, 41, 42, 43, 50, 51, 53, 54, 55, 56, 57, 58, 59, 63, 64, 65, 66, 67, 69], "excluded_lines": [], "
[...]
sing_lines": 0, "excluded_lines": 0, "num_branches": 0, "num_partial_branches": 0, "covered_branches": 0, "missing_branches": 0}, "missing_lines": [], "excluded_lines": [], "executed_branches": [], "missing_branches": []}, "SystemMonitor._color_value": {"executed_lines": [], "summary": {"covered_lines": 0, "num_statements": 5, "percent_covered": 0.0, "percent_covered_display": "0", "missing_lines": 5, "excluded_lines": 0, "num_branches": 4, "num_partial_branches": 0, "covered_branches": 0, "missing_branches": 4}, "missing_lines": [33, 34, 35, 36, 37], "excluded_lines": [], "executed_branches": [], "missing_branches": [[33, 34], [33, 35], [35, 36], [35, 37]]}, "SystemMonitor.get_cpu_usage": {"executed_lines": [41], "summary": {"covered_lines": 1, "num_statements": 1, "percent_covered": 100.0, "percent_covered_display": "100", "missing_lines": 0, "excluded_lines": 0, "num_branches": 0, "num_partial_branches": 0, "covered_branches": 0, "missing_branches": 0}, "missing_lines": [], "excluded_lines": [], "executed_branches": [], "missing_branches": []}, "SystemMonitor.get_cpu_detailed": {"executed_lines": [], "summary": {"covered_lines": 0, "num_statements": 5, "percent_covered": 0.0, "percent_covered_display": "0", "missing_lines": 5, "excluded_lines": 0, "num_branches": 0, "num_partial_branches": 0, "covered_branches": 0, "missing_branches": 0}, "missing_lines": [45, 46, 53, 54, 55], "excluded_lines": [], "executed_branches": [], "missing_branches": []}, "SystemMonitor.get_cpu_temp": {"executed_lines": [], "summary": {"covered_lines": 0, "num_statements": 13, "percent_covered": 0.0, "percent_covered_display": "0", "missing_lines": 13, "excluded_lines": 0, "num_branches": 12, "num_partial_branches": 0, "covered_branches": 0, "missing_branches": 12}, "missing_lines": [59, 60, 61, 62, 63, 64, 65, 66, 67, 68, 69, 70, 71], "excluded_lines": [], "executed_branches": [], "missing_branches": [[60, 61], [60, 68], [62, 63], [62, 68], [63, 64], [63, 68], [64, 63], [64, 65], [65, 63], [65, 66], [66, 65], [66, 67]]}, "SystemMonitor.get_gpu_temp": {"executed_lines": [], "summary": {"covered_lines": 0, "num_statements": 8, "percent_covered": 0.0, "percent_covered_display": "0", "missing_lines": 8, "excluded_lines": 0, "num_branches": 2, "num_partial_branches": 0, "covered_branches": 0, "missing_branches": 2}, "missing_lines": [75, 76, 77, 81, 82, 83, 84, 85], "excluded_lines": [], "executed_branches": [], "missing_branches": [[81, 82], [81, 85]]}, "SystemMonitor.get_memory_usage": {"executed_lines": [89], "summary": {"covered_lines": 1, "num_statements": 1, "percent_covered": 100.0, "percent_covered_display": "100", "missing_lines": 0, "excluded_lines": 0, "num_branches": 0, "num_partial_branches": 0, "covered_branches": 0, "missing_branches": 0}, "missing_lines": [], "excluded_lines": [], "executed_branches": [], "missing_branches": []}, "SystemMonitor.get_memory_detailed": {"executed_lines": [], "summary": {"covered_lines": 0, "num_statements": 7, "percent_covered": 0.0, "percent_covered_display": "0", "missing_lines": 7, "excluded_lines": 0, "num_branches": 0, "num_partial_branches": 0, "covered_branches": 0, "missing_branches": 0}, "missing_lines": [93, 94, 95, 97, 110, 111, 112], "excluded_lines": [], "executed_branches": [], "missing_branches": []}, "SystemMonitor.get_disk_usage": {"executed_lines": [116, 117, 118], "summary": {"covered_lines": 3, "num_statements": 6, "percent_covered": 50.0, "percent_covered_display": "50", "missing_lines": 3, "excluded_lines": 0, "num_branches": 0, "num_partial_branches": 0, "covered_branches": 0, "missing_branches": 0}, "missing_lines": [119, 120, 121], "excluded_lines": [], "executed_branches": [], "missing_branches": []}, "SystemMonitor.get_disk_detailed": {"executed_lines": [], "summary": {"covered_lines": 0, "num_statements": 13, "percent_covered": 0.0, "percent_covered_display": "0", "missing_lines": 13, "excluded_lines": 0, "num_branches": 2, "num_partial_branches": 0, "covered_branches": 0, "missing_branches": 2}, "missing_lines": [125, 126, 127, 128, 129, 130, 131, 141, 142, 143, 144, 145, 146], "excluded_lines": [], "executed_branches": [], "missing_branches": [[127, 128], [127, 143]]}, "SystemMonitor._is_ssd": {"executed_lines": [], "summary": {"covered_lines": 0, "num_statements": 8, "percent_covered": 0.0, "percent_covered_display": "0", "missing_lines": 8, "excluded_lines": 0, "num_branches": 2, "num_partial_branches": 0, "covered_branches": 0, "missing_branches": 2}, "missing_lines": [150, 151, 152, 153, 157, 159, 160, 161], "excluded_lines": [], "executed_branches": [], "missing_branches": [[151, 152], [151, 159]]}, "SystemMonitor.get_disk_io_stats": {"executed_lines": [], "summary": {"covered_lines": 0, "num_statements": 6, "percent_covered": 0.0, "percent_covered_display": "0", "missing_lines": 6, "excluded_lines": 0, "num_branches": 0, "num_partial_branches": 0, "covered_branches": 0, "missing_branches": 0}, "missing_lines": [165, 166, 167, 175, 176, 177], "excluded_lines": [], "executed_branches": [], "missing_branches": []}, "SystemMonitor.get_network_stats": {"executed_lines": [], "summary": {"covered_lines": 0, "num_statements": 6, "percent_covered": 0.0, "percent_covered_display": "0", "missing_lines": 6, "excluded_lines": 0, "num_branches": 0, "num_partial_branches": 0, "covered_branches": 0, "missing_branches": 0}, "missing_lines": [181, 182, 183, 191, 192, 193], "excluded_lines": [], "executed_branches": [], "missing_branches": []}, "SystemMonitor.get_network_interfaces": {"executed_lines": [], "summary": {"covered_lines": 0, "num_statements": 11, "percent_covered": 0.0, "percent_covered_display": "0", "missing_lines": 11, "excluded_lines": 0, "num_branches": 6, "num_partial_branches": 0, "covered_branches": 0, "missing_branches": 6}, "missing_lines": [197, 198, 199, 200, 201, 202, 203, 208, 209, 210, 211], "excluded_lines": [], "executed_branches": [], "missing_branches": [[200, 201], [200, 208], [201, 200], [201, 202], [202, 201], [202, 203]]}, "SystemMonitor.get_gpu_info": {"executed_lines": [215, 216, 217, 244, 245, 247], "summary": {"covered_lines": 6, "num_statements": 18, "percent_covered": 33.333333333333336, "percent_covered_display": "33", "missing_lines": 12, "excluded_lines": 0, "num_branches": 6, "num_partial_branches": 2, "covered_branches": 2, "missing_branches": 4}, "missing_lines": [218, 219, 220, 221, 222, 223, 225, 238, 239, 240, 241, 242], "excluded_lines": [], "executed_branches": [[217, 244], [244, 245]], "missing_branches": [[217, 218], [218, 219], [218, 244], [244, 247]]}, "SystemMonitor._get_gpu_utilization": {"executed_lines": [251, 252, 253, 257, 258], "summary": {"covered_lines": 5, "num_statements": 8, "percent_covered": 60.0, "percent_covered_display": "60", "missing_lines": 3, "excluded_lines": 0, "num_branches": 2, "num_partial_branches": 1, "covered_branches": 1, "missing_branches": 1}, "missing_lines": [259, 260, 261], "excluded_lines": [], "executed_branches": [[257, 258]], "missing_branches": [[257, 261]]}, "SystemMonitor._get_gpu_power": {"executed_lines": [265, 266, 267, 271, 272], "summary": {"covered_lines": 5, "num_statements": 8, "percent_covered": 60.0, "percent_covered_display": "60", "missing_lines": 3, "excluded_lines": 0, "num_branches": 2, "num_partial_branches": 1, "covered_branches": 1, "missing_branches": 1}, "missing_lines": [273, 274, 275], "excluded_lines": [], "executed_branches": [[271, 272]], "missing_branches": [[271, 275]]}, "SystemMonitor._get_gpu_info_nvidia_smi": {"executed_lines": [], "summary": {"covered_lines": 0, "num_statements": 13, "percent_covered": 0.0, "percent_covered_display": "0", "missing_lines": 13, "excluded_lines": 0, "num_branches": 8, "num_partial_branches": 0, "covered_branches": 0, "missing_branches": 8}, "missing_lines": [279, 280, 281, 282, 287, 288, 289, 290, 291, 292, 303, 304, 305], "excluded_lines": [], "executed_branches": [], "missing_branches": [[287, 288], [287, 305], [288, 289], [288, 305], [289, 288], [289, 290], [291, 288], [291, 292]]}, "SystemMonitor.get_process_count": {"executed_lines": [], "summary": {"covered_lines": 0, "num_statements": 5, "percent_covered": 0.0, "percent_covered_display": "0", "missing_lines": 5, "excluded_lines": 0, "num_branches": 0, "num_partial_branches": 0, "covered_branches": 0, "missing_branches": 0}, "missing_lines": [309, 310, 314, 315, 316], "excluded_lines": [], "executed_branches": [], "missing_branches": []}, "SystemMonitor.get_top_processes": {"executed_lines": [], "summary": {"covered_lines": 0, "num_statements": 13, "percent_covered": 0.0, "percent_covered_display": "0", "missing_lines": 13, "excluded_lines": 0, "num_branches": 2, "num_partial_branches": 0, "covered_branches": 0, "missing_branches": 2}, "missing_lines": [320, 321, 322, 323, 324, 330, 331, 333, 334, 335, 336, 337, 338], "excluded_lines": [], "executed_branches": [], "missing_branches": [[322, 323], [322, 333]]}, "SystemMonitor.get_battery_status": {"executed_lines": [], "summary": {"covered_lines": 0, "num_statements": 9, "percent_covered": 0.0, "percent_covered_display": "0", "missing_lines": 9, "excluded_lines": 0, "num_branches": 4, "num_partial_branches": 0, "covered_branches": 0, "missing_branches": 4}, "missing_lines": [342, 343, 344, 345, 346, 352, 353, 354, 355], "excluded_lines": [], "executed_branches": [], "missing_branches": [[343, 344], [343, 352], [345, 346], [345, 352]]}, "SystemMonitor.get_audio_devices": {"executed_lines": [], "summary": {"covered_lines": 0, "num_statements": 16, "percent_covered": 0.0, "percent_covered_display": "0", "missing_lines": 16, "excluded_lines": 0, "num_branches": 10, "num_partial_branches": 0, "covered_branches": 0, "missing_branches": 10}, "missing_lines": [359, 360, 361, 362, 363, 367, 368, 369, 370, 372, 373, 374, 375, 379, 380, 381], "excluded_lines": [], "executed_branches": [], "missing_branches": [[362, 363], [362, 372], [367, 368], [367, 381], [368, 369], [368, 381], [369, 368], [369, 370], [374, 375], [374, 381]]}, "SystemMonitor.get_system_info": {"executed_lines": [], "summary": {"covered_lines": 0, "num_statements": 1, "percent_covered": 0.0, "percent_covered_display": "0", "missing_lines": 1, "excluded_lines": 0, "num_branches": 0, "num_partial_branches": 0, "covered_branches": 0, "missing_branches": 0}, "missing_lines": [385], "excluded_lines": [], "executed_branches": [], "missing_branches": []}, "SystemMonitor.get_detailed_system_info": {"executed_lines": [], "summary": {"covered_lines": 0, "num_statements": 1, "percent_covered": 0.0, "percent_covered_display": "0", "missing_lines": 1, "excluded_lines": 0, "num_branches": 0, "num_partial_branches": 0, "covered_branches": 0, "missing_branches": 0}, "missing_lines": [394], "excluded_lines": [], "executed_branches": [], "missing_branches": []}, "SystemMonitor.get_uptime": {"executed_lines": [411, 412, 413, 414, 416], "summary": {"covered_lines": 5, "num_statements": 8, "percent_covered": 62.5, "percent_covered_display": "62", "missing_lines": 3, "excluded_lines": 0, "num_branches": 0, "num_partial_branches": 0, "covered_branches": 0, "missing_branches": 0}, "missing_lines": [423, 424, 425], "excluded_lines": [], "executed_branches": [], "missing_branches": []}, "SystemMonitor.get_system_info_text": {"executed_lines": [], "summary": {"covered_lines": 0, "num_statements": 90, "percent_covered": 0.0, "percent_covered_display": "0", "missing_lines": 90, "excluded_lines": 0, "num_branches": 34, "num_partial_branches": 0, "covered_branches": 0, "missing_branches": 34}, "missing_lines": [430, 431, 433, 434, 435, 437, 438, 439, 440, 441, 442, 443, 445, 446, 447, 449, 450, 451, 453, 454, 455, 457, 458, 459, 460, 461, 463, 464, 465, 466, 467, 468, 470, 471, 473, 474, 475, 476, 477, 478, 479, 481, 482, 483, 484, 485, 486, 487, 488, 489, 490, 492, 494, 495, 496, 497, 498, 499, 500, 502, 503, 504, 505, 506, 507, 509, 510, 539, 540, 541, 542, 543, 544, 545, 546, 547, 548, 549, 550, 551, 552, 554, 555, 556, 557, 558, 560, 561, 562, 564], "excluded_lines": [], "executed_branches": [], "missing_branches": [[446, 447], [446, 449], [450, 451], [450, 453], [464, 465], [464, 473], [478, 479], [478, 481], [482, 483], [482, 492], [483, 484], [483, 494], [495, 496], [495, 502], [499, 500], [499, 502], [503, 504], [503, 509], [506, 507], [506, 509], [539, 540], [539, 560], [541, 542], [541, 543], [543, 544], [543, 545], [545, 546], [545, 547], [547, 548], [547, 549], [549, 550], [549, 551], [551, 552], [551, 554]]}, "SystemMonitor.get_system_stats": {"executed_lines": [], "summary": {"covered_lines": 0, "num_statements": 20, "percent_covered": 0.0, "percent_covered_display": "0", "missing_lines": 20, "excluded_lines": 0, "num_branches": 4, "num_partial_branches": 0, "covered_branches": 0, "missing_branches": 4}, "missing_lines": [568, 569, 570, 572, 573, 574, 575, 576, 578, 588, 589, 590, 591, 592, 593, 594, 596, 597, 598, 599], "excluded_lines": [], "executed_branches": [], "missing_branches": [[574, 575], [574, 578], [588, 589], [588, 596]]}, "SystemMonitor.get_performance_alerts": {"executed_lines": [], "summary": {"covered_lines": 0, "num_statements": 32, "percent_covered": 0.0, "percent_covered_display": "0", "missing_lines": 32, "excluded_lines": 0, "num_branches": 16, "num_partial_branches": 0, "covered_branches": 0, "missing_branches": 16}, "missing_lines": [603, 604, 605, 606, 607, 609, 610, 611, 613, 614, 615, 617, 618, 619, 621, 622, 623, 624, 625, 626, 627, 629, 630, 631, 632, 633, 635, 636, 637, 639, 640, 642], "excluded_lines": [], "executed_branches": [], "missing_branches": [[606, 607], [606, 609], [610, 611], [610, 613], [614, 615], [614, 617], [618, 619], [618, 621], [621, 622], [621, 635], [626, 627], [626, 629], [630, 631], [630, 635], [636, 637], [636, 642]]}, "SystemMonitor.check_outdated_packages": {"executed_lines": [], "summary": {"covered_lines": 0, "num_statements": 14, "percent_covered": 0.0, "percent_covered_display": "0", "missing_lines": 14, "excluded_lines": 0, "num_branches": 6, "num_partial_branches": 0, "covered_branches": 0, "missing_branches": 6}, "missing_lines": [646, 647, 648, 649, 653, 654, 655, 656, 657, 658, 659, 664, 665, 666], "excluded_lines": [], "executed_branches": [], "missing_branches": [[653, 654], [653, 666], [657, 658], [657, 666], [658, 657], [658, 659]]}, "SystemMonitor.get_resource_usage_summary": {"executed_lines": [], "summary": {"covered_lines": 0, "num_statements": 16, "percent_covered": 0.0, "percent_covered_display": "0", "missing_lines": 16, "excluded_lines": 0, "num_branches": 6, "num_partial_branches": 0, "covered_branches": 0, "missing_branches": 6}, "missing_lines": [670, 671, 672, 678, 679, 681, 682, 683, 684, 685, 686, 687, 689, 691, 692, 693], "excluded_lines": [], "executed_branches": [], "missing_branches": [[678, 679], [678, 681], [681, 682], [681, 689], [686, 687], [686, 689]]}, "": {"executed_lines": [1, 2, 3, 4, 5, 6, 7, 8, 9, 11, 12, 13, 14, 15, 16, 18, 21, 22, 24, 31, 39, 43, 57, 73, 87, 91, 114, 123, 148, 163, 179, 195, 213, 249, 263, 277, 307, 318, 340, 357, 383, 392, 409, 427, 428, 566, 601, 644, 668], "summary": {"covered_lines": 48, "num_statements": 48, "percent_covered": 100.0, "percent_covered_display": "100", "missing_lines": 0, "excluded_lines": 0, "num_branches": 0, "num_partial_branches": 0, "covered_branches": 0, "missing_branches": 0}, "missing_lines": [], "excluded_lines": [], "executed_branches": [], "missing_branches": []}}, "classes": {"SystemMonitor": {"executed_lines": [25, 26, 27, 28, 29, 41, 89, 116, 117, 118, 215, 216, 217, 244, 245, 247, 251, 252, 253, 257, 258, 265, 266, 267, 271, 272, 411, 412, 413, 414, 416], "summary": {"covered_lines": 31, "num_statements": 367, "percent_covered": 7.070707070707071, "percent_covered_display": "7", "missing_lines": 336, "excluded_lines": 0, "num_branches": 128, "num_partial_branches": 4, "covered_branches": 4, "missing_branches": 124}, "missing_lines": [33, 34, 35, 36, 37, 45, 46, 53, 54, 55, 59, 60, 61, 62, 63, 64, 65, 66, 67, 68, 69, 70, 71, 75, 76, 77, 81, 82, 83, 84, 85, 93, 94, 95, 97, 110, 111, 112, 119, 120, 121, 125, 126, 127, 128, 129, 130, 131, 141, 142, 143, 144, 145, 146, 150, 151, 152, 153, 157, 159, 160, 161, 165, 166, 167, 175, 176, 177, 181, 182, 183, 191, 192, 193, 197, 198, 199, 200, 201, 202, 203, 208, 209, 210, 211, 218, 219, 220, 221, 222, 223, 225, 238, 239, 240, 241, 242, 259, 260, 261, 273, 274, 275, 279, 280, 281, 282, 287, 288, 289, 290, 291, 292, 303, 304, 305, 309, 310, 314, 315, 316, 320, 321, 322, 323, 324, 330, 331, 333, 334, 335, 336, 337, 338, 342, 343, 344, 345, 346, 352, 353, 354, 355, 359, 360, 361, 362, 363, 367, 368, 369, 370, 372, 373, 374, 375, 379, 380, 381, 385, 394, 423, 424, 425, 430, 431, 433, 434, 435, 437, 438, 439, 440, 441, 442, 443, 445, 446, 447, 449, 450, 451, 453, 454, 455, 457, 458, 459, 460, 461, 463, 464, 465, 466, 467, 468, 470, 471, 473, 474, 475, 476, 477, 478, 479, 481, 482, 483, 484, 485, 486, 487, 488, 489, 490, 492, 494, 495, 496, 497, 498, 499, 500, 502, 503, 504, 505, 506, 507, 509, 510, 539, 540, 541, 542, 543, 544, 545, 546, 547, 548, 549, 550, 551, 552, 554, 555, 556, 557, 558, 560, 561, 562, 564, 568, 569, 570, 572, 573, 574, 575, 576, 578, 588, 589, 590, 591, 592, 593, 594, 596, 597, 598, 599, 603, 604, 605, 606, 607, 609, 610, 611, 613, 614, 615, 617, 618, 619, 621, 622, 623, 624, 625, 626, 627, 629, 630, 631, 632, 633, 635, 636, 637, 639, 640, 642, 646, 647, 648, 649, 653, 654, 655, 656, 657, 658, 659, 664, 665, 666, 670, 671, 672, 678, 679, 681, 682, 683, 684, 685, 686, 687, 689, 691, 692, 693], "excluded_lines": [], "executed_branches": [[217, 244], [244, 245], [257, 258], [271, 272]], "missing_branches": [[33, 34], [33, 35], [35, 36], [35, 37], [60, 61], [60, 68], [62, 63], [62, 68], [63, 64], [63, 68], [64, 63], [64, 65], [65, 63], [65, 66], [66, 65], [66, 67], [81, 82], [81, 85], [127, 128], [127, 143], [151, 152], [151, 159], [200, 201], [200, 208], [201, 200], [201, 202], [202, 201], [202, 203], [217, 218], [218, 219], [218, 244], [244, 247], [257, 261], [271, 275], [287, 288], [287, 305], [288, 289], [288, 305], [289, 288], [289, 290], [291, 288], [291, 292], [322, 323], [322, 333], [343, 344], [343, 352], [345, 346], [345, 352], [362, 363], [362, 372], [367, 368], [367, 381], [368, 369], [368, 381], [369, 368], [369, 370], [374, 375], [374, 381], [446, 447], [446, 449], [450, 451], [450, 453], [464, 465], [464, 473], [478, 479], [478, 481], [482, 483], [482, 492], [483, 484], [483, 494], [495, 496], [495, 502], [499, 500], [499, 502], [503, 504], [503, 509], [506, 507], [506, 509], [539, 540], [539, 560], [541, 542], [541, 543], [543, 544], [543, 545], [545, 546], [545, 547], [547, 548], [547, 549], [549, 550], [549, 551], [551, 552], [551, 554], [574, 575], [574, 578], [588, 589], [588, 596], [606, 607], [606, 609], [610, 611], [610, 613], [614, 615], [614, 617], [618, 619], [618, 621], [621, 622], [621, 635], [626, 627], [626, 629], [630, 631], [630, 635], [636, 637], [636, 642], [653, 654], [653, 666], [657, 658], [657, 666], [658, 657], [658, 659], [678, 679], [678, 681], [681, 682], [681, 689], [686, 687], [686, 689]]}, "": {"executed_lines": [1, 2, 3, 4, 5, 6, 7, 8, 9, 11, 12, 13, 14, 15, 16, 18, 21, 22, 24, 31, 39, 43, 57, 73, 87, 91, 114, 123, 148, 163, 179, 195, 213, 249, 263, 277, 307, 318, 340, 357, 383, 392, 409, 427, 428, 566, 601, 644, 668], "summary": {"covered_lines": 48, "num_statements": 48, "percent_covered": 100.0, "percent_covered_display": "100", "missing_lines": 0, "excluded_lines": 0, "num_branches": 0, "num_partial_branches": 0, "covered_branches": 0, "missing_branches": 0}, "missing_lines": [], "excluded_lines": [], "executed_branches": [], "missing_branches": []}}}}, "totals": {"covered_lines": 1705, "num_statements": 3928, "percent_covered": 39.799749687108886, "percent_covered_display": "40", "missing_lines": 2223, "excluded_lines": 83, "num_branches": 866, "num_partial_branches": 93, "covered_branches": 203, "missing_branches": 663}}